[2016-07-25 04:20:24] local.ERROR: exception 'Symfony\Component\Debug\Exception\FatalErrorException' with message 'main(): Failed opening required '/var/www/html/stokkup/api/QuickBooks/QuickBooks.php' (include_path='.:/usr/share/php:/usr/share/pear')' in /var/www/html/stokkup/api/app/Http/Controllers/OrderController.php:5
Stack trace:
#0 {main}  
[2016-07-25 04:22:38] local.ERROR: exception 'Symfony\Component\Debug\Exception\FatalErrorException' with message 'Class 'App\Http\Controllers\QuickBooks_IPP_Service_Item' not found' in /var/www/html/stokkup/api/app/Http/Controllers/OrderController.php:86
Stack trace:
#0 {main}  
[2016-07-25 04:23:34] local.ERROR: exception 'Symfony\Component\Debug\Exception\FatalErrorException' with message 'Class 'App\Http\Controllers\QuickBooks_IPP_Service_Item' not found' in /var/www/html/stokkup/api/app/Http/Controllers/OrderController.php:86
Stack trace:
#0 {main}  
[2016-07-25 04:27:41] local.ERROR: exception 'Symfony\Component\Debug\Exception\FatalErrorException' with message 'Class 'App\Http\Controllers\QuickBooks_IPP_Service_Item' not found' in /var/www/html/stokkup/api/app/Http/Controllers/OrderController.php:86
Stack trace:
#0 {main}  
[2016-07-25 04:29:33] local.ERROR: exception 'Symfony\Component\Debug\Exception\FatalErrorException' with message 'Class 'App\Http\Controllers\QuickBooks_IPP_Service_Customer' not found' in /var/www/html/stokkup/api/app/Http/Controllers/OrderController.php:86
Stack trace:
#0 {main}  
[2016-07-25 04:46:11] local.ERROR: exception 'Symfony\Component\Debug\Exception\FatalErrorException' with message 'Class 'App\Http\Controllers\QuickBooks_IPP_Service_Customer' not found' in /var/www/html/stokkup/api/app/Http/Controllers/OrderController.php:86
Stack trace:
#0 {main}  
[2016-07-25 05:13:55] local.ERROR: exception 'Symfony\Component\Debug\Exception\FatalErrorException' with message 'Class 'App\Http\Controllers\QuickBooks_IPP_Service_Customer' not found' in /var/www/html/stokkup/api/app/Http/Controllers/OrderController.php:88
Stack trace:
#0 {main}  
