[2016-10-26 07:00:42] local.ERROR: exception 'PDOException' with message 'SQLSTATE[42S22]: Column not found: 1054 Unknown column 'pas.pas.product_address_id' in 'on clause'' in /var/www/html/stokkup/api/vendor/laravel/framework/src/Illuminate/Database/Connection.php:292
Stack trace:
#0 /var/www/html/stokkup/api/vendor/laravel/framework/src/Illuminate/Database/Connection.php(292): PDO->prepare('select `s`.`id`...')
#1 /var/www/html/stokkup/api/vendor/laravel/framework/src/Illuminate/Database/Connection.php(616): Illuminate\Database\Connection->Illuminate\Database\{closure}(Object(Illuminate\Database\MySqlConnection), 'select `s`.`id`...', Array)
#2 /var/www/html/stokkup/api/vendor/laravel/framework/src/Illuminate/Database/Connection.php(580): Illuminate\Database\Connection->runQueryCallback('select `s`.`id`...', Array, Object(Closure))
#3 /var/www/html/stokkup/api/vendor/laravel/framework/src/Illuminate/Database/Connection.php(297): Illuminate\Database\Connection->run('select `s`.`id`...', Array, Object(Closure))
#4 /var/www/html/stokkup/api/vendor/laravel/framework/src/Illuminate/Database/Query/Builder.php(1377): Illuminate\Database\Connection->select('select `s`.`id`...', Array, true)
#5 /var/www/html/stokkup/api/vendor/laravel/framework/src/Illuminate/Database/Query/Builder.php(1367): Illuminate\Database\Query\Builder->runSelect()
#6 /var/www/html/stokkup/api/vendor/laravel/framework/src/Illuminate/Database/Query/Builder.php(1354): Illuminate\Database\Query\Builder->getFresh(Array)
#7 /var/www/html/stokkup/api/app/Shipping.php(153): Illuminate\Database\Query\Builder->get()
#8 /var/www/html/stokkup/api/app/Http/Controllers/ShippingController.php(751): App\Shipping->shippingDetail(Array)
#9 [internal function]: App\Http\Controllers\ShippingController->getShippingOverview()
#10 /var/www/html/stokkup/api/vendor/laravel/framework/src/Illuminate/Routing/Controller.php(246): call_user_func_array(Array, Array)
#11 /var/www/html/stokkup/api/vendor/laravel/framework/src/Illuminate/Routing/ControllerDispatcher.php(162): Illuminate\Routing\Controller->callAction('getShippingOver...', Array)
#12 /var/www/html/stokkup/api/vendor/laravel/framework/src/Illuminate/Routing/ControllerDispatcher.php(107): Illuminate\Routing\ControllerDispatcher->call(Object(App\Http\Controllers\ShippingController), Object(Illuminate\Routing\Route), 'getShippingOver...')
#13 [internal function]: Illuminate\Routing\ControllerDispatcher->Illuminate\Routing\{closure}(Object(Illuminate\Http\Request))
#14 /var/www/html/stokkup/api/vendor/laravel/framework/src/Illuminate/Pipeline/Pipeline.php(141): call_user_func(Object(Closure), Object(Illuminate\Http\Request))
#15 [internal function]: Illuminate\Pipeline\Pipeline->Illuminate\Pipeline\{closure}(Object(Illuminate\Http\Request))
#16 /var/www/html/stokkup/api/vendor/laravel/framework/src/Illuminate/Pipeline/Pipeline.php(101): call_user_func(Object(Closure), Object(Illuminate\Http\Request))
#17 /var/www/html/stokkup/api/vendor/laravel/framework/src/Illuminate/Routing/ControllerDispatcher.php(108): Illuminate\Pipeline\Pipeline->then(Object(Closure))
#18 /var/www/html/stokkup/api/vendor/laravel/framework/src/Illuminate/Routing/ControllerDispatcher.php(67): Illuminate\Routing\ControllerDispatcher->callWithinStack(Object(App\Http\Controllers\ShippingController), Object(Illuminate\Routing\Route), Object(Illuminate\Http\Request), 'getShippingOver...')
#19 /var/www/html/stokkup/api/vendor/laravel/framework/src/Illuminate/Routing/Route.php(204): Illuminate\Routing\ControllerDispatcher->dispatch(Object(Illuminate\Routing\Route), Object(Illuminate\Http\Request), 'App\Http\Contro...', 'getShippingOver...')
#20 /var/www/html/stokkup/api/vendor/laravel/framework/src/Illuminate/Routing/Route.php(134): Illuminate\Routing\Route->runWithCustomDispatcher(Object(Illuminate\Http\Request))
#21 /var/www/html/stokkup/api/vendor/laravel/framework/src/Illuminate/Routing/Router.php(701): Illuminate\Routing\Route->run(Object(Illuminate\Http\Request))
#22 [internal function]: Illuminate\Routing\Router->Illuminate\Routing\{closure}(Object(Illuminate\Http\Request))
#23 /var/www/html/stokkup/api/vendor/laravel/framework/src/Illuminate/Pipeline/Pipeline.php(141): call_user_func(Object(Closure), Object(Illuminate\Http\Request))
#24 [internal function]: Illuminate\Pipeline\Pipeline->Illuminate\Pipeline\{closure}(Object(Illuminate\Http\Request))
#25 /var/www/html/stokkup/api/vendor/laravel/framework/src/Illuminate/Pipeline/Pipeline.php(101): call_user_func(Object(Closure), Object(Illuminate\Http\Request))
#26 /var/www/html/stokkup/api/vendor/laravel/framework/src/Illuminate/Routing/Router.php(703): Illuminate\Pipeline\Pipeline->then(Object(Closure))
#27 /var/www/html/stokkup/api/vendor/laravel/framework/src/Illuminate/Routing/Router.php(670): Illuminate\Routing\Router->runRouteWithinStack(Object(Illuminate\Routing\Route), Object(Illuminate\Http\Request))
#28 /var/www/html/stokkup/api/vendor/laravel/framework/src/Illuminate/Routing/Router.php(628): Illuminate\Routing\Router->dispatchToRoute(Object(Illuminate\Http\Request))
#29 /var/www/html/stokkup/api/vendor/laravel/framework/src/Illuminate/Foundation/Http/Kernel.php(214): Illuminate\Routing\Router->dispatch(Object(Illuminate\Http\Request))
#30 [internal function]: Illuminate\Foundation\Http\Kernel->Illuminate\Foundation\Http\{closure}(Object(Illuminate\Http\Request))
#31 /var/www/html/stokkup/api/vendor/laravel/framework/src/Illuminate/Pipeline/Pipeline.php(141): call_user_func(Object(Closure), Object(Illuminate\Http\Request))
#32 /var/www/html/stokkup/api/vendor/laravel/framework/src/Illuminate/View/Middleware/ShareErrorsFromSession.php(55): Illuminate\Pipeline\Pipeline->Illuminate\Pipeline\{closure}(Object(Illuminate\Http\Request))
#33 /var/www/html/stokkup/api/vendor/laravel/framework/src/Illuminate/Pipeline/Pipeline.php(125): Illuminate\View\Middleware\ShareErrorsFromSession->handle(Object(Illuminate\Http\Request), Object(Closure))
#34 /var/www/html/stokkup/api/vendor/laravel/framework/src/Illuminate/Session/Middleware/StartSession.php(61): Illuminate\Pipeline\Pipeline->Illuminate\Pipeline\{closure}(Object(Illuminate\Http\Request))
#35 /var/www/html/stokkup/api/vendor/laravel/framework/src/Illuminate/Pipeline/Pipeline.php(125): Illuminate\Session\Middleware\StartSession->handle(Object(Illuminate\Http\Request), Object(Closure))
#36 /var/www/html/stokkup/api/vendor/laravel/framework/src/Illuminate/Cookie/Middleware/AddQueuedCookiesToResponse.php(36): Illuminate\Pipeline\Pipeline->Illuminate\Pipeline\{closure}(Object(Illuminate\Http\Request))
#37 /var/www/html/stokkup/api/vendor/laravel/framework/src/Illuminate/Pipeline/Pipeline.php(125): Illuminate\Cookie\Middleware\AddQueuedCookiesToResponse->handle(Object(Illuminate\Http\Request), Object(Closure))
#38 /var/www/html/stokkup/api/vendor/laravel/framework/src/Illuminate/Cookie/Middleware/EncryptCookies.php(40): Illuminate\Pipeline\Pipeline->Illuminate\Pipeline\{closure}(Object(Illuminate\Http\Request))
#39 /var/www/html/stokkup/api/vendor/laravel/framework/src/Illuminate/Pipeline/Pipeline.php(125): Illuminate\Cookie\Middleware\EncryptCookies->handle(Object(Illuminate\Http\Request), Object(Closure))
#40 /var/www/html/stokkup/api/vendor/laravel/framework/src/Illuminate/Foundation/Http/Middleware/CheckForMaintenanceMode.php(42): Illuminate\Pipeline\Pipeline->Illuminate\Pipeline\{closure}(Object(Illuminate\Http\Request))
#41 /var/www/html/stokkup/api/vendor/laravel/framework/src/Illuminate/Pipeline/Pipeline.php(125): Illuminate\Foundation\Http\Middleware\CheckForMaintenanceMode->handle(Object(Illuminate\Http\Request), Object(Closure))
#42 [internal function]: Illuminate\Pipeline\Pipeline->Illuminate\Pipeline\{closure}(Object(Illuminate\Http\Request))
#43 /var/www/html/stokkup/api/vendor/laravel/framework/src/Illuminate/Pipeline/Pipeline.php(101): call_user_func(Object(Closure), Object(Illuminate\Http\Request))
#44 /var/www/html/stokkup/api/vendor/laravel/framework/src/Illuminate/Foundation/Http/Kernel.php(115): Illuminate\Pipeline\Pipeline->then(Object(Closure))
#45 /var/www/html/stokkup/api/vendor/laravel/framework/src/Illuminate/Foundation/Http/Kernel.php(84): Illuminate\Foundation\Http\Kernel->sendRequestThroughRouter(Object(Illuminate\Http\Request))
#46 /var/www/html/stokkup/api/public/index.php(53): Illuminate\Foundation\Http\Kernel->handle(Object(Illuminate\Http\Request))
#47 {main}

Next exception 'Illuminate\Database\QueryException' with message 'SQLSTATE[42S22]: Column not found: 1054 Unknown column 'pas.pas.product_address_id' in 'on clause' (SQL: select `s`.`id` as `shipping_id`, `mt`.`value` as `job_status`, `o`.`id` as `order_id`, `o`.`name`, `cd`.`id` as `client_distribution_id`, `o`.`client_id`, `c`.`client_company`, `o`.`approval_id`, `misc_type`.`value` as `approval`, `s`.`cost_to_ship`, `s`.`tracking_number`, `o`.`display_number`, `s`.`boxing_type`, `o`.`date_shipped` as `shipping_by`, `o`.`in_hands_by`, `s`.`shipping_type_id`, `s`.`date_shipped`, `s`.`fully_shipped`, `s`.`shipping_note`, `s`.`cost_to_ship`, `cd`.*, `o`.`f_approval`, `s`.`sku`, `st`.`code`, `s`.`shipping_method`, `s`.`shipping_status`, `o`.`date_shipped`, `o`.`in_hands_by`, SUM(pas.distributed_qnty) as distributed,SUM(pol.qnty_purchased - pol.short) as total, `o`.`custom_po`, `s`.`shipping_note`, `s`.`display_number` as `shipping_display_number`, `c`.`display_number` as `client_display_number` from `shipping` as `s` left join `orders` as `o` on `s`.`order_id` = `o`.`id` left join `misc_type` as `mt` on `mt`.`id` = `o`.`f_approval` left join `client` as `c` on `o`.`client_id` = `c`.`client_id` left join `client_distaddress` as `cd` on `s`.`address_id` = `cd`.`id` left join `state` as `st` on `cd`.`state` = `st`.`id` left join `misc_type` as `misc_type` on `o`.`approval_id` = misc_type.id AND misc_type.company_id = 100002 left join `purchase_order` as `po` on `po`.`order_id` = `o`.`id` left join `purchase_order_line` as `pol` on `pol`.`po_id` = `po`.`po_id` left join `product_address_mapping` as `pam` on `s`.`id` = `pam`.`shipping_id` left join `product_address_size_mapping` as `pas` on `pam`.`id` = `pas`.`pas`.`product_address_id` where (`s`.`id` = 15) group by `o`.`id`)' in /var/www/html/stokkup/api/vendor/laravel/framework/src/Illuminate/Database/Connection.php:624
Stack trace:
#0 /var/www/html/stokkup/api/vendor/laravel/framework/src/Illuminate/Database/Connection.php(580): Illuminate\Database\Connection->runQueryCallback('select `s`.`id`...', Array, Object(Closure))
#1 /var/www/html/stokkup/api/vendor/laravel/framework/src/Illuminate/Database/Connection.php(297): Illuminate\Database\Connection->run('select `s`.`id`...', Array, Object(Closure))
#2 /var/www/html/stokkup/api/vendor/laravel/framework/src/Illuminate/Database/Query/Builder.php(1377): Illuminate\Database\Connection->select('select `s`.`id`...', Array, true)
#3 /var/www/html/stokkup/api/vendor/laravel/framework/src/Illuminate/Database/Query/Builder.php(1367): Illuminate\Database\Query\Builder->runSelect()
#4 /var/www/html/stokkup/api/vendor/laravel/framework/src/Illuminate/Database/Query/Builder.php(1354): Illuminate\Database\Query\Builder->getFresh(Array)
#5 /var/www/html/stokkup/api/app/Shipping.php(153): Illuminate\Database\Query\Builder->get()
#6 /var/www/html/stokkup/api/app/Http/Controllers/ShippingController.php(751): App\Shipping->shippingDetail(Array)
#7 [internal function]: App\Http\Controllers\ShippingController->getShippingOverview()
#8 /var/www/html/stokkup/api/vendor/laravel/framework/src/Illuminate/Routing/Controller.php(246): call_user_func_array(Array, Array)
#9 /var/www/html/stokkup/api/vendor/laravel/framework/src/Illuminate/Routing/ControllerDispatcher.php(162): Illuminate\Routing\Controller->callAction('getShippingOver...', Array)
#10 /var/www/html/stokkup/api/vendor/laravel/framework/src/Illuminate/Routing/ControllerDispatcher.php(107): Illuminate\Routing\ControllerDispatcher->call(Object(App\Http\Controllers\ShippingController), Object(Illuminate\Routing\Route), 'getShippingOver...')
#11 [internal function]: Illuminate\Routing\ControllerDispatcher->Illuminate\Routing\{closure}(Object(Illuminate\Http\Request))
#12 /var/www/html/stokkup/api/vendor/laravel/framework/src/Illuminate/Pipeline/Pipeline.php(141): call_user_func(Object(Closure), Object(Illuminate\Http\Request))
#13 [internal function]: Illuminate\Pipeline\Pipeline->Illuminate\Pipeline\{closure}(Object(Illuminate\Http\Request))
#14 /var/www/html/stokkup/api/vendor/laravel/framework/src/Illuminate/Pipeline/Pipeline.php(101): call_user_func(Object(Closure), Object(Illuminate\Http\Request))
#15 /var/www/html/stokkup/api/vendor/laravel/framework/src/Illuminate/Routing/ControllerDispatcher.php(108): Illuminate\Pipeline\Pipeline->then(Object(Closure))
#16 /var/www/html/stokkup/api/vendor/laravel/framework/src/Illuminate/Routing/ControllerDispatcher.php(67): Illuminate\Routing\ControllerDispatcher->callWithinStack(Object(App\Http\Controllers\ShippingController), Object(Illuminate\Routing\Route), Object(Illuminate\Http\Request), 'getShippingOver...')
#17 /var/www/html/stokkup/api/vendor/laravel/framework/src/Illuminate/Routing/Route.php(204): Illuminate\Routing\ControllerDispatcher->dispatch(Object(Illuminate\Routing\Route), Object(Illuminate\Http\Request), 'App\Http\Contro...', 'getShippingOver...')
#18 /var/www/html/stokkup/api/vendor/laravel/framework/src/Illuminate/Routing/Route.php(134): Illuminate\Routing\Route->runWithCustomDispatcher(Object(Illuminate\Http\Request))
#19 /var/www/html/stokkup/api/vendor/laravel/framework/src/Illuminate/Routing/Router.php(701): Illuminate\Routing\Route->run(Object(Illuminate\Http\Request))
#20 [internal function]: Illuminate\Routing\Router->Illuminate\Routing\{closure}(Object(Illuminate\Http\Request))
#21 /var/www/html/stokkup/api/vendor/laravel/framework/src/Illuminate/Pipeline/Pipeline.php(141): call_user_func(Object(Closure), Object(Illuminate\Http\Request))
#22 [internal function]: Illuminate\Pipeline\Pipeline->Illuminate\Pipeline\{closure}(Object(Illuminate\Http\Request))
#23 /var/www/html/stokkup/api/vendor/laravel/framework/src/Illuminate/Pipeline/Pipeline.php(101): call_user_func(Object(Closure), Object(Illuminate\Http\Request))
#24 /var/www/html/stokkup/api/vendor/laravel/framework/src/Illuminate/Routing/Router.php(703): Illuminate\Pipeline\Pipeline->then(Object(Closure))
#25 /var/www/html/stokkup/api/vendor/laravel/framework/src/Illuminate/Routing/Router.php(670): Illuminate\Routing\Router->runRouteWithinStack(Object(Illuminate\Routing\Route), Object(Illuminate\Http\Request))
#26 /var/www/html/stokkup/api/vendor/laravel/framework/src/Illuminate/Routing/Router.php(628): Illuminate\Routing\Router->dispatchToRoute(Object(Illuminate\Http\Request))
#27 /var/www/html/stokkup/api/vendor/laravel/framework/src/Illuminate/Foundation/Http/Kernel.php(214): Illuminate\Routing\Router->dispatch(Object(Illuminate\Http\Request))
#28 [internal function]: Illuminate\Foundation\Http\Kernel->Illuminate\Foundation\Http\{closure}(Object(Illuminate\Http\Request))
#29 /var/www/html/stokkup/api/vendor/laravel/framework/src/Illuminate/Pipeline/Pipeline.php(141): call_user_func(Object(Closure), Object(Illuminate\Http\Request))
#30 /var/www/html/stokkup/api/vendor/laravel/framework/src/Illuminate/View/Middleware/ShareErrorsFromSession.php(55): Illuminate\Pipeline\Pipeline->Illuminate\Pipeline\{closure}(Object(Illuminate\Http\Request))
#31 /var/www/html/stokkup/api/vendor/laravel/framework/src/Illuminate/Pipeline/Pipeline.php(125): Illuminate\View\Middleware\ShareErrorsFromSession->handle(Object(Illuminate\Http\Request), Object(Closure))
#32 /var/www/html/stokkup/api/vendor/laravel/framework/src/Illuminate/Session/Middleware/StartSession.php(61): Illuminate\Pipeline\Pipeline->Illuminate\Pipeline\{closure}(Object(Illuminate\Http\Request))
#33 /var/www/html/stokkup/api/vendor/laravel/framework/src/Illuminate/Pipeline/Pipeline.php(125): Illuminate\Session\Middleware\StartSession->handle(Object(Illuminate\Http\Request), Object(Closure))
#34 /var/www/html/stokkup/api/vendor/laravel/framework/src/Illuminate/Cookie/Middleware/AddQueuedCookiesToResponse.php(36): Illuminate\Pipeline\Pipeline->Illuminate\Pipeline\{closure}(Object(Illuminate\Http\Request))
#35 /var/www/html/stokkup/api/vendor/laravel/framework/src/Illuminate/Pipeline/Pipeline.php(125): Illuminate\Cookie\Middleware\AddQueuedCookiesToResponse->handle(Object(Illuminate\Http\Request), Object(Closure))
#36 /var/www/html/stokkup/api/vendor/laravel/framework/src/Illuminate/Cookie/Middleware/EncryptCookies.php(40): Illuminate\Pipeline\Pipeline->Illuminate\Pipeline\{closure}(Object(Illuminate\Http\Request))
#37 /var/www/html/stokkup/api/vendor/laravel/framework/src/Illuminate/Pipeline/Pipeline.php(125): Illuminate\Cookie\Middleware\EncryptCookies->handle(Object(Illuminate\Http\Request), Object(Closure))
#38 /var/www/html/stokkup/api/vendor/laravel/framework/src/Illuminate/Foundation/Http/Middleware/CheckForMaintenanceMode.php(42): Illuminate\Pipeline\Pipeline->Illuminate\Pipeline\{closure}(Object(Illuminate\Http\Request))
#39 /var/www/html/stokkup/api/vendor/laravel/framework/src/Illuminate/Pipeline/Pipeline.php(125): Illuminate\Foundation\Http\Middleware\CheckForMaintenanceMode->handle(Object(Illuminate\Http\Request), Object(Closure))
#40 [internal function]: Illuminate\Pipeline\Pipeline->Illuminate\Pipeline\{closure}(Object(Illuminate\Http\Request))
#41 /var/www/html/stokkup/api/vendor/laravel/framework/src/Illuminate/Pipeline/Pipeline.php(101): call_user_func(Object(Closure), Object(Illuminate\Http\Request))
#42 /var/www/html/stokkup/api/vendor/laravel/framework/src/Illuminate/Foundation/Http/Kernel.php(115): Illuminate\Pipeline\Pipeline->then(Object(Closure))
#43 /var/www/html/stokkup/api/vendor/laravel/framework/src/Illuminate/Foundation/Http/Kernel.php(84): Illuminate\Foundation\Http\Kernel->sendRequestThroughRouter(Object(Illuminate\Http\Request))
#44 /var/www/html/stokkup/api/public/index.php(53): Illuminate\Foundation\Http\Kernel->handle(Object(Illuminate\Http\Request))
#45 {main}  
[2016-10-26 07:30:47] local.ERROR: exception 'PDOException' with message 'SQLSTATE[42000]: Syntax error or access violation: 1064 You have an error in your SQL syntax; check the manual that corresponds to your MySQL server version for the right syntax to use near ') as total from `shipping` as `s` left join `orders` as `o` on `s`.`order_id` = ' at line 1' in /var/www/html/stokkup/api/vendor/laravel/framework/src/Illuminate/Database/Connection.php:292
Stack trace:
#0 /var/www/html/stokkup/api/vendor/laravel/framework/src/Illuminate/Database/Connection.php(292): PDO->prepare('select pol.qnty...')
#1 /var/www/html/stokkup/api/vendor/laravel/framework/src/Illuminate/Database/Connection.php(616): Illuminate\Database\Connection->Illuminate\Database\{closure}(Object(Illuminate\Database\MySqlConnection), 'select pol.qnty...', Array)
#2 /var/www/html/stokkup/api/vendor/laravel/framework/src/Illuminate/Database/Connection.php(580): Illuminate\Database\Connection->runQueryCallback('select pol.qnty...', Array, Object(Closure))
#3 /var/www/html/stokkup/api/vendor/laravel/framework/src/Illuminate/Database/Connection.php(297): Illuminate\Database\Connection->run('select pol.qnty...', Array, Object(Closure))
#4 /var/www/html/stokkup/api/vendor/laravel/framework/src/Illuminate/Database/Query/Builder.php(1377): Illuminate\Database\Connection->select('select pol.qnty...', Array, true)
#5 /var/www/html/stokkup/api/vendor/laravel/framework/src/Illuminate/Database/Query/Builder.php(1367): Illuminate\Database\Query\Builder->runSelect()
#6 /var/www/html/stokkup/api/vendor/laravel/framework/src/Illuminate/Database/Query/Builder.php(1354): Illuminate\Database\Query\Builder->getFresh(Array)
#7 /var/www/html/stokkup/api/app/Shipping.php(166): Illuminate\Database\Query\Builder->get()
#8 /var/www/html/stokkup/api/app/Http/Controllers/ShippingController.php(751): App\Shipping->shippingDetail(Array)
#9 [internal function]: App\Http\Controllers\ShippingController->getShippingOverview()
#10 /var/www/html/stokkup/api/vendor/laravel/framework/src/Illuminate/Routing/Controller.php(246): call_user_func_array(Array, Array)
#11 /var/www/html/stokkup/api/vendor/laravel/framework/src/Illuminate/Routing/ControllerDispatcher.php(162): Illuminate\Routing\Controller->callAction('getShippingOver...', Array)
#12 /var/www/html/stokkup/api/vendor/laravel/framework/src/Illuminate/Routing/ControllerDispatcher.php(107): Illuminate\Routing\ControllerDispatcher->call(Object(App\Http\Controllers\ShippingController), Object(Illuminate\Routing\Route), 'getShippingOver...')
#13 [internal function]: Illuminate\Routing\ControllerDispatcher->Illuminate\Routing\{closure}(Object(Illuminate\Http\Request))
#14 /var/www/html/stokkup/api/vendor/laravel/framework/src/Illuminate/Pipeline/Pipeline.php(141): call_user_func(Object(Closure), Object(Illuminate\Http\Request))
#15 [internal function]: Illuminate\Pipeline\Pipeline->Illuminate\Pipeline\{closure}(Object(Illuminate\Http\Request))
#16 /var/www/html/stokkup/api/vendor/laravel/framework/src/Illuminate/Pipeline/Pipeline.php(101): call_user_func(Object(Closure), Object(Illuminate\Http\Request))
#17 /var/www/html/stokkup/api/vendor/laravel/framework/src/Illuminate/Routing/ControllerDispatcher.php(108): Illuminate\Pipeline\Pipeline->then(Object(Closure))
#18 /var/www/html/stokkup/api/vendor/laravel/framework/src/Illuminate/Routing/ControllerDispatcher.php(67): Illuminate\Routing\ControllerDispatcher->callWithinStack(Object(App\Http\Controllers\ShippingController), Object(Illuminate\Routing\Route), Object(Illuminate\Http\Request), 'getShippingOver...')
#19 /var/www/html/stokkup/api/vendor/laravel/framework/src/Illuminate/Routing/Route.php(204): Illuminate\Routing\ControllerDispatcher->dispatch(Object(Illuminate\Routing\Route), Object(Illuminate\Http\Request), 'App\Http\Contro...', 'getShippingOver...')
#20 /var/www/html/stokkup/api/vendor/laravel/framework/src/Illuminate/Routing/Route.php(134): Illuminate\Routing\Route->runWithCustomDispatcher(Object(Illuminate\Http\Request))
#21 /var/www/html/stokkup/api/vendor/laravel/framework/src/Illuminate/Routing/Router.php(701): Illuminate\Routing\Route->run(Object(Illuminate\Http\Request))
#22 [internal function]: Illuminate\Routing\Router->Illuminate\Routing\{closure}(Object(Illuminate\Http\Request))
#23 /var/www/html/stokkup/api/vendor/laravel/framework/src/Illuminate/Pipeline/Pipeline.php(141): call_user_func(Object(Closure), Object(Illuminate\Http\Request))
#24 [internal function]: Illuminate\Pipeline\Pipeline->Illuminate\Pipeline\{closure}(Object(Illuminate\Http\Request))
#25 /var/www/html/stokkup/api/vendor/laravel/framework/src/Illuminate/Pipeline/Pipeline.php(101): call_user_func(Object(Closure), Object(Illuminate\Http\Request))
#26 /var/www/html/stokkup/api/vendor/laravel/framework/src/Illuminate/Routing/Router.php(703): Illuminate\Pipeline\Pipeline->then(Object(Closure))
#27 /var/www/html/stokkup/api/vendor/laravel/framework/src/Illuminate/Routing/Router.php(670): Illuminate\Routing\Router->runRouteWithinStack(Object(Illuminate\Routing\Route), Object(Illuminate\Http\Request))
#28 /var/www/html/stokkup/api/vendor/laravel/framework/src/Illuminate/Routing/Router.php(628): Illuminate\Routing\Router->dispatchToRoute(Object(Illuminate\Http\Request))
#29 /var/www/html/stokkup/api/vendor/laravel/framework/src/Illuminate/Foundation/Http/Kernel.php(214): Illuminate\Routing\Router->dispatch(Object(Illuminate\Http\Request))
#30 [internal function]: Illuminate\Foundation\Http\Kernel->Illuminate\Foundation\Http\{closure}(Object(Illuminate\Http\Request))
#31 /var/www/html/stokkup/api/vendor/laravel/framework/src/Illuminate/Pipeline/Pipeline.php(141): call_user_func(Object(Closure), Object(Illuminate\Http\Request))
#32 /var/www/html/stokkup/api/vendor/laravel/framework/src/Illuminate/View/Middleware/ShareErrorsFromSession.php(55): Illuminate\Pipeline\Pipeline->Illuminate\Pipeline\{closure}(Object(Illuminate\Http\Request))
#33 /var/www/html/stokkup/api/vendor/laravel/framework/src/Illuminate/Pipeline/Pipeline.php(125): Illuminate\View\Middleware\ShareErrorsFromSession->handle(Object(Illuminate\Http\Request), Object(Closure))
#34 /var/www/html/stokkup/api/vendor/laravel/framework/src/Illuminate/Session/Middleware/StartSession.php(61): Illuminate\Pipeline\Pipeline->Illuminate\Pipeline\{closure}(Object(Illuminate\Http\Request))
#35 /var/www/html/stokkup/api/vendor/laravel/framework/src/Illuminate/Pipeline/Pipeline.php(125): Illuminate\Session\Middleware\StartSession->handle(Object(Illuminate\Http\Request), Object(Closure))
#36 /var/www/html/stokkup/api/vendor/laravel/framework/src/Illuminate/Cookie/Middleware/AddQueuedCookiesToResponse.php(36): Illuminate\Pipeline\Pipeline->Illuminate\Pipeline\{closure}(Object(Illuminate\Http\Request))
#37 /var/www/html/stokkup/api/vendor/laravel/framework/src/Illuminate/Pipeline/Pipeline.php(125): Illuminate\Cookie\Middleware\AddQueuedCookiesToResponse->handle(Object(Illuminate\Http\Request), Object(Closure))
#38 /var/www/html/stokkup/api/vendor/laravel/framework/src/Illuminate/Cookie/Middleware/EncryptCookies.php(40): Illuminate\Pipeline\Pipeline->Illuminate\Pipeline\{closure}(Object(Illuminate\Http\Request))
#39 /var/www/html/stokkup/api/vendor/laravel/framework/src/Illuminate/Pipeline/Pipeline.php(125): Illuminate\Cookie\Middleware\EncryptCookies->handle(Object(Illuminate\Http\Request), Object(Closure))
#40 /var/www/html/stokkup/api/vendor/laravel/framework/src/Illuminate/Foundation/Http/Middleware/CheckForMaintenanceMode.php(42): Illuminate\Pipeline\Pipeline->Illuminate\Pipeline\{closure}(Object(Illuminate\Http\Request))
#41 /var/www/html/stokkup/api/vendor/laravel/framework/src/Illuminate/Pipeline/Pipeline.php(125): Illuminate\Foundation\Http\Middleware\CheckForMaintenanceMode->handle(Object(Illuminate\Http\Request), Object(Closure))
#42 [internal function]: Illuminate\Pipeline\Pipeline->Illuminate\Pipeline\{closure}(Object(Illuminate\Http\Request))
#43 /var/www/html/stokkup/api/vendor/laravel/framework/src/Illuminate/Pipeline/Pipeline.php(101): call_user_func(Object(Closure), Object(Illuminate\Http\Request))
#44 /var/www/html/stokkup/api/vendor/laravel/framework/src/Illuminate/Foundation/Http/Kernel.php(115): Illuminate\Pipeline\Pipeline->then(Object(Closure))
#45 /var/www/html/stokkup/api/vendor/laravel/framework/src/Illuminate/Foundation/Http/Kernel.php(84): Illuminate\Foundation\Http\Kernel->sendRequestThroughRouter(Object(Illuminate\Http\Request))
#46 /var/www/html/stokkup/api/public/index.php(53): Illuminate\Foundation\Http\Kernel->handle(Object(Illuminate\Http\Request))
#47 {main}

Next exception 'Illuminate\Database\QueryException' with message 'SQLSTATE[42000]: Syntax error or access violation: 1064 You have an error in your SQL syntax; check the manual that corresponds to your MySQL server version for the right syntax to use near ') as total from `shipping` as `s` left join `orders` as `o` on `s`.`order_id` = ' at line 1 (SQL: select pol.qnty_purchased - pol.short) as total from `shipping` as `s` left join `orders` as `o` on `s`.`order_id` = `o`.`id` left join `purchase_order` as `po` on `po`.`order_id` = `o`.`id` left join `purchase_order_line` as `pol` on `pol`.`po_id` = `po`.`po_id` where (`s`.`id` = 15))' in /var/www/html/stokkup/api/vendor/laravel/framework/src/Illuminate/Database/Connection.php:624
Stack trace:
#0 /var/www/html/stokkup/api/vendor/laravel/framework/src/Illuminate/Database/Connection.php(580): Illuminate\Database\Connection->runQueryCallback('select pol.qnty...', Array, Object(Closure))
#1 /var/www/html/stokkup/api/vendor/laravel/framework/src/Illuminate/Database/Connection.php(297): Illuminate\Database\Connection->run('select pol.qnty...', Array, Object(Closure))
#2 /var/www/html/stokkup/api/vendor/laravel/framework/src/Illuminate/Database/Query/Builder.php(1377): Illuminate\Database\Connection->select('select pol.qnty...', Array, true)
#3 /var/www/html/stokkup/api/vendor/laravel/framework/src/Illuminate/Database/Query/Builder.php(1367): Illuminate\Database\Query\Builder->runSelect()
#4 /var/www/html/stokkup/api/vendor/laravel/framework/src/Illuminate/Database/Query/Builder.php(1354): Illuminate\Database\Query\Builder->getFresh(Array)
#5 /var/www/html/stokkup/api/app/Shipping.php(166): Illuminate\Database\Query\Builder->get()
#6 /var/www/html/stokkup/api/app/Http/Controllers/ShippingController.php(751): App\Shipping->shippingDetail(Array)
#7 [internal function]: App\Http\Controllers\ShippingController->getShippingOverview()
#8 /var/www/html/stokkup/api/vendor/laravel/framework/src/Illuminate/Routing/Controller.php(246): call_user_func_array(Array, Array)
#9 /var/www/html/stokkup/api/vendor/laravel/framework/src/Illuminate/Routing/ControllerDispatcher.php(162): Illuminate\Routing\Controller->callAction('getShippingOver...', Array)
#10 /var/www/html/stokkup/api/vendor/laravel/framework/src/Illuminate/Routing/ControllerDispatcher.php(107): Illuminate\Routing\ControllerDispatcher->call(Object(App\Http\Controllers\ShippingController), Object(Illuminate\Routing\Route), 'getShippingOver...')
#11 [internal function]: Illuminate\Routing\ControllerDispatcher->Illuminate\Routing\{closure}(Object(Illuminate\Http\Request))
#12 /var/www/html/stokkup/api/vendor/laravel/framework/src/Illuminate/Pipeline/Pipeline.php(141): call_user_func(Object(Closure), Object(Illuminate\Http\Request))
#13 [internal function]: Illuminate\Pipeline\Pipeline->Illuminate\Pipeline\{closure}(Object(Illuminate\Http\Request))
#14 /var/www/html/stokkup/api/vendor/laravel/framework/src/Illuminate/Pipeline/Pipeline.php(101): call_user_func(Object(Closure), Object(Illuminate\Http\Request))
#15 /var/www/html/stokkup/api/vendor/laravel/framework/src/Illuminate/Routing/ControllerDispatcher.php(108): Illuminate\Pipeline\Pipeline->then(Object(Closure))
#16 /var/www/html/stokkup/api/vendor/laravel/framework/src/Illuminate/Routing/ControllerDispatcher.php(67): Illuminate\Routing\ControllerDispatcher->callWithinStack(Object(App\Http\Controllers\ShippingController), Object(Illuminate\Routing\Route), Object(Illuminate\Http\Request), 'getShippingOver...')
#17 /var/www/html/stokkup/api/vendor/laravel/framework/src/Illuminate/Routing/Route.php(204): Illuminate\Routing\ControllerDispatcher->dispatch(Object(Illuminate\Routing\Route), Object(Illuminate\Http\Request), 'App\Http\Contro...', 'getShippingOver...')
#18 /var/www/html/stokkup/api/vendor/laravel/framework/src/Illuminate/Routing/Route.php(134): Illuminate\Routing\Route->runWithCustomDispatcher(Object(Illuminate\Http\Request))
#19 /var/www/html/stokkup/api/vendor/laravel/framework/src/Illuminate/Routing/Router.php(701): Illuminate\Routing\Route->run(Object(Illuminate\Http\Request))
#20 [internal function]: Illuminate\Routing\Router->Illuminate\Routing\{closure}(Object(Illuminate\Http\Request))
#21 /var/www/html/stokkup/api/vendor/laravel/framework/src/Illuminate/Pipeline/Pipeline.php(141): call_user_func(Object(Closure), Object(Illuminate\Http\Request))
#22 [internal function]: Illuminate\Pipeline\Pipeline->Illuminate\Pipeline\{closure}(Object(Illuminate\Http\Request))
#23 /var/www/html/stokkup/api/vendor/laravel/framework/src/Illuminate/Pipeline/Pipeline.php(101): call_user_func(Object(Closure), Object(Illuminate\Http\Request))
#24 /var/www/html/stokkup/api/vendor/laravel/framework/src/Illuminate/Routing/Router.php(703): Illuminate\Pipeline\Pipeline->then(Object(Closure))
#25 /var/www/html/stokkup/api/vendor/laravel/framework/src/Illuminate/Routing/Router.php(670): Illuminate\Routing\Router->runRouteWithinStack(Object(Illuminate\Routing\Route), Object(Illuminate\Http\Request))
#26 /var/www/html/stokkup/api/vendor/laravel/framework/src/Illuminate/Routing/Router.php(628): Illuminate\Routing\Router->dispatchToRoute(Object(Illuminate\Http\Request))
#27 /var/www/html/stokkup/api/vendor/laravel/framework/src/Illuminate/Foundation/Http/Kernel.php(214): Illuminate\Routing\Router->dispatch(Object(Illuminate\Http\Request))
#28 [internal function]: Illuminate\Foundation\Http\Kernel->Illuminate\Foundation\Http\{closure}(Object(Illuminate\Http\Request))
#29 /var/www/html/stokkup/api/vendor/laravel/framework/src/Illuminate/Pipeline/Pipeline.php(141): call_user_func(Object(Closure), Object(Illuminate\Http\Request))
#30 /var/www/html/stokkup/api/vendor/laravel/framework/src/Illuminate/View/Middleware/ShareErrorsFromSession.php(55): Illuminate\Pipeline\Pipeline->Illuminate\Pipeline\{closure}(Object(Illuminate\Http\Request))
#31 /var/www/html/stokkup/api/vendor/laravel/framework/src/Illuminate/Pipeline/Pipeline.php(125): Illuminate\View\Middleware\ShareErrorsFromSession->handle(Object(Illuminate\Http\Request), Object(Closure))
#32 /var/www/html/stokkup/api/vendor/laravel/framework/src/Illuminate/Session/Middleware/StartSession.php(61): Illuminate\Pipeline\Pipeline->Illuminate\Pipeline\{closure}(Object(Illuminate\Http\Request))
#33 /var/www/html/stokkup/api/vendor/laravel/framework/src/Illuminate/Pipeline/Pipeline.php(125): Illuminate\Session\Middleware\StartSession->handle(Object(Illuminate\Http\Request), Object(Closure))
#34 /var/www/html/stokkup/api/vendor/laravel/framework/src/Illuminate/Cookie/Middleware/AddQueuedCookiesToResponse.php(36): Illuminate\Pipeline\Pipeline->Illuminate\Pipeline\{closure}(Object(Illuminate\Http\Request))
#35 /var/www/html/stokkup/api/vendor/laravel/framework/src/Illuminate/Pipeline/Pipeline.php(125): Illuminate\Cookie\Middleware\AddQueuedCookiesToResponse->handle(Object(Illuminate\Http\Request), Object(Closure))
#36 /var/www/html/stokkup/api/vendor/laravel/framework/src/Illuminate/Cookie/Middleware/EncryptCookies.php(40): Illuminate\Pipeline\Pipeline->Illuminate\Pipeline\{closure}(Object(Illuminate\Http\Request))
#37 /var/www/html/stokkup/api/vendor/laravel/framework/src/Illuminate/Pipeline/Pipeline.php(125): Illuminate\Cookie\Middleware\EncryptCookies->handle(Object(Illuminate\Http\Request), Object(Closure))
#38 /var/www/html/stokkup/api/vendor/laravel/framework/src/Illuminate/Foundation/Http/Middleware/CheckForMaintenanceMode.php(42): Illuminate\Pipeline\Pipeline->Illuminate\Pipeline\{closure}(Object(Illuminate\Http\Request))
#39 /var/www/html/stokkup/api/vendor/laravel/framework/src/Illuminate/Pipeline/Pipeline.php(125): Illuminate\Foundation\Http\Middleware\CheckForMaintenanceMode->handle(Object(Illuminate\Http\Request), Object(Closure))
#40 [internal function]: Illuminate\Pipeline\Pipeline->Illuminate\Pipeline\{closure}(Object(Illuminate\Http\Request))
#41 /var/www/html/stokkup/api/vendor/laravel/framework/src/Illuminate/Pipeline/Pipeline.php(101): call_user_func(Object(Closure), Object(Illuminate\Http\Request))
#42 /var/www/html/stokkup/api/vendor/laravel/framework/src/Illuminate/Foundation/Http/Kernel.php(115): Illuminate\Pipeline\Pipeline->then(Object(Closure))
#43 /var/www/html/stokkup/api/vendor/laravel/framework/src/Illuminate/Foundation/Http/Kernel.php(84): Illuminate\Foundation\Http\Kernel->sendRequestThroughRouter(Object(Illuminate\Http\Request))
#44 /var/www/html/stokkup/api/public/index.php(53): Illuminate\Foundation\Http\Kernel->handle(Object(Illuminate\Http\Request))
#45 {main}  
