[2016-08-03 00:28:58] local.ERROR: exception 'Symfony\Component\Debug\Exception\FatalErrorException' with message 'Call to a member function IPP() on a non-object' in /var/www/html/stokkup/api/vendor/consolibyte/quickbooks/QuickBooks/IPP/Service.php:419
Stack trace:
#0 {main}  
[2016-08-03 00:29:30] local.ERROR: exception 'Symfony\Component\Debug\Exception\FatalErrorException' with message 'Call to a member function IPP() on a non-object' in /var/www/html/stokkup/api/vendor/consolibyte/quickbooks/QuickBooks/IPP/Service.php:419
Stack trace:
#0 {main}  
[2016-08-03 00:55:22] local.ERROR: exception 'Symfony\Component\Debug\Exception\FatalErrorException' with message 'Call to a member function IPP() on a non-object' in /var/www/html/stokkup/api/vendor/consolibyte/quickbooks/QuickBooks/IPP/Service.php:419
Stack trace:
#0 {main}  
[2016-08-03 02:45:04] local.ERROR: exception 'Symfony\Component\Debug\Exception\FatalErrorException' with message 'Call to a member function IPP() on a non-object' in /var/www/html/stokkup/api/vendor/consolibyte/quickbooks/QuickBooks/IPP/Service.php:419
Stack trace:
#0 {main}  
[2016-08-03 02:48:22] local.ERROR: exception 'Symfony\Component\Debug\Exception\FatalErrorException' with message 'Call to a member function IPP() on a non-object' in /var/www/html/stokkup/api/vendor/consolibyte/quickbooks/QuickBooks/IPP/Service.php:419
Stack trace:
#0 {main}  
[2016-08-03 02:48:34] local.ERROR: exception 'Symfony\Component\Debug\Exception\FatalErrorException' with message 'Call to a member function IPP() on a non-object' in /var/www/html/stokkup/api/vendor/consolibyte/quickbooks/QuickBooks/IPP/Service.php:419
Stack trace:
#0 {main}  
[2016-08-03 02:48:36] local.ERROR: exception 'Symfony\Component\Debug\Exception\FatalErrorException' with message 'Call to a member function IPP() on a non-object' in /var/www/html/stokkup/api/vendor/consolibyte/quickbooks/QuickBooks/IPP/Service.php:419
Stack trace:
#0 {main}  
[2016-08-03 02:48:37] local.ERROR: exception 'Symfony\Component\Debug\Exception\FatalErrorException' with message 'Call to a member function IPP() on a non-object' in /var/www/html/stokkup/api/vendor/consolibyte/quickbooks/QuickBooks/IPP/Service.php:419
Stack trace:
#0 {main}  
[2016-08-03 02:48:38] local.ERROR: exception 'Symfony\Component\Debug\Exception\FatalErrorException' with message 'Call to a member function IPP() on a non-object' in /var/www/html/stokkup/api/vendor/consolibyte/quickbooks/QuickBooks/IPP/Service.php:419
Stack trace:
#0 {main}  
[2016-08-03 03:23:09] local.ERROR: exception 'Symfony\Component\Debug\Exception\FatalErrorException' with message 'Call to a member function IPP() on a non-object' in /var/www/html/stokkup/api/vendor/consolibyte/quickbooks/QuickBooks/IPP/Service.php:419
Stack trace:
#0 {main}  
[2016-08-03 03:23:13] local.ERROR: exception 'Symfony\Component\Debug\Exception\FatalErrorException' with message 'Call to a member function IPP() on a non-object' in /var/www/html/stokkup/api/vendor/consolibyte/quickbooks/QuickBooks/IPP/Service.php:419
Stack trace:
#0 {main}  
[2016-08-03 03:26:33] local.ERROR: exception 'Symfony\Component\Debug\Exception\FatalErrorException' with message 'Call to a member function IPP() on a non-object' in /var/www/html/stokkup/api/vendor/consolibyte/quickbooks/QuickBooks/IPP/Service.php:419
Stack trace:
#0 {main}  
[2016-08-03 03:26:37] local.ERROR: exception 'Symfony\Component\Debug\Exception\FatalErrorException' with message 'Call to a member function IPP() on a non-object' in /var/www/html/stokkup/api/vendor/consolibyte/quickbooks/QuickBooks/IPP/Service.php:419
Stack trace:
#0 {main}  
[2016-08-03 03:26:38] local.ERROR: exception 'Symfony\Component\Debug\Exception\FatalErrorException' with message 'Call to a member function IPP() on a non-object' in /var/www/html/stokkup/api/vendor/consolibyte/quickbooks/QuickBooks/IPP/Service.php:419
Stack trace:
#0 {main}  
[2016-08-03 03:49:54] local.ERROR: exception 'Symfony\Component\Debug\Exception\FatalErrorException' with message 'Call to a member function IPP() on a non-object' in /var/www/html/stokkup/api/vendor/consolibyte/quickbooks/QuickBooks/IPP/Service.php:419
Stack trace:
#0 {main}  
[2016-08-03 03:49:55] local.ERROR: exception 'Symfony\Component\Debug\Exception\FatalErrorException' with message 'Call to a member function IPP() on a non-object' in /var/www/html/stokkup/api/vendor/consolibyte/quickbooks/QuickBooks/IPP/Service.php:419
Stack trace:
#0 {main}  
[2016-08-03 03:49:58] local.ERROR: exception 'Symfony\Component\Debug\Exception\FatalErrorException' with message 'Call to a member function IPP() on a non-object' in /var/www/html/stokkup/api/vendor/consolibyte/quickbooks/QuickBooks/IPP/Service.php:419
Stack trace:
#0 {main}  
[2016-08-03 03:49:58] local.ERROR: exception 'Symfony\Component\Debug\Exception\FatalErrorException' with message 'Call to a member function IPP() on a non-object' in /var/www/html/stokkup/api/vendor/consolibyte/quickbooks/QuickBooks/IPP/Service.php:419
Stack trace:
#0 {main}  
[2016-08-03 03:49:58] local.ERROR: exception 'Symfony\Component\Debug\Exception\FatalErrorException' with message 'Call to a member function IPP() on a non-object' in /var/www/html/stokkup/api/vendor/consolibyte/quickbooks/QuickBooks/IPP/Service.php:419
Stack trace:
#0 {main}  
[2016-08-03 03:49:59] local.ERROR: exception 'Symfony\Component\Debug\Exception\FatalErrorException' with message 'Call to a member function IPP() on a non-object' in /var/www/html/stokkup/api/vendor/consolibyte/quickbooks/QuickBooks/IPP/Service.php:419
Stack trace:
#0 {main}  
[2016-08-03 03:49:59] local.ERROR: exception 'Symfony\Component\Debug\Exception\FatalErrorException' with message 'Call to a member function IPP() on a non-object' in /var/www/html/stokkup/api/vendor/consolibyte/quickbooks/QuickBooks/IPP/Service.php:419
Stack trace:
#0 {main}  
[2016-08-03 03:49:59] local.ERROR: exception 'Symfony\Component\Debug\Exception\FatalErrorException' with message 'Call to a member function IPP() on a non-object' in /var/www/html/stokkup/api/vendor/consolibyte/quickbooks/QuickBooks/IPP/Service.php:419
Stack trace:
#0 {main}  
[2016-08-03 03:49:59] local.ERROR: exception 'Symfony\Component\Debug\Exception\FatalErrorException' with message 'Call to a member function IPP() on a non-object' in /var/www/html/stokkup/api/vendor/consolibyte/quickbooks/QuickBooks/IPP/Service.php:419
Stack trace:
#0 {main}  
[2016-08-03 03:49:59] local.ERROR: exception 'Symfony\Component\Debug\Exception\FatalErrorException' with message 'Call to a member function IPP() on a non-object' in /var/www/html/stokkup/api/vendor/consolibyte/quickbooks/QuickBooks/IPP/Service.php:419
Stack trace:
#0 {main}  
[2016-08-03 03:49:59] local.ERROR: exception 'Symfony\Component\Debug\Exception\FatalErrorException' with message 'Call to a member function IPP() on a non-object' in /var/www/html/stokkup/api/vendor/consolibyte/quickbooks/QuickBooks/IPP/Service.php:419
Stack trace:
#0 {main}  
[2016-08-03 03:49:59] local.ERROR: exception 'Symfony\Component\Debug\Exception\FatalErrorException' with message 'Call to a member function IPP() on a non-object' in /var/www/html/stokkup/api/vendor/consolibyte/quickbooks/QuickBooks/IPP/Service.php:419
Stack trace:
#0 {main}  
[2016-08-03 03:50:00] local.ERROR: exception 'Symfony\Component\Debug\Exception\FatalErrorException' with message 'Call to a member function IPP() on a non-object' in /var/www/html/stokkup/api/vendor/consolibyte/quickbooks/QuickBooks/IPP/Service.php:419
Stack trace:
#0 {main}  
[2016-08-03 04:34:25] local.ERROR: exception 'Symfony\Component\Debug\Exception\FatalErrorException' with message 'Call to a member function IPP() on a non-object' in /var/www/html/stokkup/api/vendor/consolibyte/quickbooks/QuickBooks/IPP/Service.php:419
Stack trace:
#0 {main}  
[2016-08-03 04:35:12] local.ERROR: exception 'Symfony\Component\Debug\Exception\FatalErrorException' with message 'Call to a member function IPP() on a non-object' in /var/www/html/stokkup/api/vendor/consolibyte/quickbooks/QuickBooks/IPP/Service.php:419
Stack trace:
#0 {main}  
[2016-08-03 06:32:45] local.ERROR: exception 'Symfony\Component\Debug\Exception\FatalErrorException' with message 'Call to a member function IPP() on a non-object' in /var/www/html/stokkup/api/vendor/consolibyte/quickbooks/QuickBooks/IPP/Service.php:419
Stack trace:
#0 {main}  
[2016-08-03 06:33:52] local.ERROR: exception 'Symfony\Component\Debug\Exception\FatalErrorException' with message 'Call to a member function IPP() on a non-object' in /var/www/html/stokkup/api/vendor/consolibyte/quickbooks/QuickBooks/IPP/Service.php:419
Stack trace:
#0 {main}  
[2016-08-03 06:33:54] local.ERROR: exception 'Symfony\Component\Debug\Exception\FatalErrorException' with message 'Call to a member function IPP() on a non-object' in /var/www/html/stokkup/api/vendor/consolibyte/quickbooks/QuickBooks/IPP/Service.php:419
Stack trace:
#0 {main}  
[2016-08-03 06:33:56] local.ERROR: exception 'Symfony\Component\Debug\Exception\FatalErrorException' with message 'Call to a member function IPP() on a non-object' in /var/www/html/stokkup/api/vendor/consolibyte/quickbooks/QuickBooks/IPP/Service.php:419
Stack trace:
#0 {main}  
[2016-08-03 06:33:56] local.ERROR: exception 'Symfony\Component\Debug\Exception\FatalErrorException' with message 'Call to a member function IPP() on a non-object' in /var/www/html/stokkup/api/vendor/consolibyte/quickbooks/QuickBooks/IPP/Service.php:419
Stack trace:
#0 {main}  
[2016-08-03 06:33:57] local.ERROR: exception 'Symfony\Component\Debug\Exception\FatalErrorException' with message 'Call to a member function IPP() on a non-object' in /var/www/html/stokkup/api/vendor/consolibyte/quickbooks/QuickBooks/IPP/Service.php:419
Stack trace:
#0 {main}  
[2016-08-03 06:33:57] local.ERROR: exception 'Symfony\Component\Debug\Exception\FatalErrorException' with message 'Call to a member function IPP() on a non-object' in /var/www/html/stokkup/api/vendor/consolibyte/quickbooks/QuickBooks/IPP/Service.php:419
Stack trace:
#0 {main}  
[2016-08-03 06:33:57] local.ERROR: exception 'Symfony\Component\Debug\Exception\FatalErrorException' with message 'Call to a member function IPP() on a non-object' in /var/www/html/stokkup/api/vendor/consolibyte/quickbooks/QuickBooks/IPP/Service.php:419
Stack trace:
#0 {main}  
[2016-08-03 06:33:57] local.ERROR: exception 'Symfony\Component\Debug\Exception\FatalErrorException' with message 'Call to a member function IPP() on a non-object' in /var/www/html/stokkup/api/vendor/consolibyte/quickbooks/QuickBooks/IPP/Service.php:419
Stack trace:
#0 {main}  
[2016-08-03 06:33:58] local.ERROR: exception 'Symfony\Component\Debug\Exception\FatalErrorException' with message 'Call to a member function IPP() on a non-object' in /var/www/html/stokkup/api/vendor/consolibyte/quickbooks/QuickBooks/IPP/Service.php:419
Stack trace:
#0 {main}  
[2016-08-03 06:41:29] local.ERROR: exception 'ErrorException' with message 'Undefined variable: context' in /var/www/html/stokkup/api/app/Http/Controllers/QuickBookController.php:125
Stack trace:
#0 /var/www/html/stokkup/api/app/Http/Controllers/QuickBookController.php(125): Illuminate\Foundation\Bootstrap\HandleExceptions->handleError(8, 'Undefined varia...', '/var/www/html/s...', 125, Array)
#1 [internal function]: App\Http\Controllers\QuickBookController->createCustomer()
#2 /var/www/html/stokkup/api/vendor/laravel/framework/src/Illuminate/Routing/Controller.php(246): call_user_func_array(Array, Array)
#3 /var/www/html/stokkup/api/vendor/laravel/framework/src/Illuminate/Routing/ControllerDispatcher.php(162): Illuminate\Routing\Controller->callAction('createCustomer', Array)
#4 /var/www/html/stokkup/api/vendor/laravel/framework/src/Illuminate/Routing/ControllerDispatcher.php(107): Illuminate\Routing\ControllerDispatcher->call(Object(App\Http\Controllers\QuickBookController), Object(Illuminate\Routing\Route), 'createCustomer')
#5 [internal function]: Illuminate\Routing\ControllerDispatcher->Illuminate\Routing\{closure}(Object(Illuminate\Http\Request))
#6 /var/www/html/stokkup/api/vendor/laravel/framework/src/Illuminate/Pipeline/Pipeline.php(141): call_user_func(Object(Closure), Object(Illuminate\Http\Request))
#7 [internal function]: Illuminate\Pipeline\Pipeline->Illuminate\Pipeline\{closure}(Object(Illuminate\Http\Request))
#8 /var/www/html/stokkup/api/vendor/laravel/framework/src/Illuminate/Pipeline/Pipeline.php(101): call_user_func(Object(Closure), Object(Illuminate\Http\Request))
#9 /var/www/html/stokkup/api/vendor/laravel/framework/src/Illuminate/Routing/ControllerDispatcher.php(108): Illuminate\Pipeline\Pipeline->then(Object(Closure))
#10 /var/www/html/stokkup/api/vendor/laravel/framework/src/Illuminate/Routing/ControllerDispatcher.php(67): Illuminate\Routing\ControllerDispatcher->callWithinStack(Object(App\Http\Controllers\QuickBookController), Object(Illuminate\Routing\Route), Object(Illuminate\Http\Request), 'createCustomer')
#11 /var/www/html/stokkup/api/vendor/laravel/framework/src/Illuminate/Routing/Route.php(204): Illuminate\Routing\ControllerDispatcher->dispatch(Object(Illuminate\Routing\Route), Object(Illuminate\Http\Request), 'App\Http\Contro...', 'createCustomer')
#12 /var/www/html/stokkup/api/vendor/laravel/framework/src/Illuminate/Routing/Route.php(134): Illuminate\Routing\Route->runWithCustomDispatcher(Object(Illuminate\Http\Request))
#13 /var/www/html/stokkup/api/vendor/laravel/framework/src/Illuminate/Routing/Router.php(701): Illuminate\Routing\Route->run(Object(Illuminate\Http\Request))
#14 [internal function]: Illuminate\Routing\Router->Illuminate\Routing\{closure}(Object(Illuminate\Http\Request))
#15 /var/www/html/stokkup/api/vendor/laravel/framework/src/Illuminate/Pipeline/Pipeline.php(141): call_user_func(Object(Closure), Object(Illuminate\Http\Request))
#16 [internal function]: Illuminate\Pipeline\Pipeline->Illuminate\Pipeline\{closure}(Object(Illuminate\Http\Request))
#17 /var/www/html/stokkup/api/vendor/laravel/framework/src/Illuminate/Pipeline/Pipeline.php(101): call_user_func(Object(Closure), Object(Illuminate\Http\Request))
#18 /var/www/html/stokkup/api/vendor/laravel/framework/src/Illuminate/Routing/Router.php(703): Illuminate\Pipeline\Pipeline->then(Object(Closure))
#19 /var/www/html/stokkup/api/vendor/laravel/framework/src/Illuminate/Routing/Router.php(670): Illuminate\Routing\Router->runRouteWithinStack(Object(Illuminate\Routing\Route), Object(Illuminate\Http\Request))
#20 /var/www/html/stokkup/api/vendor/laravel/framework/src/Illuminate/Routing/Router.php(628): Illuminate\Routing\Router->dispatchToRoute(Object(Illuminate\Http\Request))
#21 /var/www/html/stokkup/api/vendor/laravel/framework/src/Illuminate/Foundation/Http/Kernel.php(214): Illuminate\Routing\Router->dispatch(Object(Illuminate\Http\Request))
#22 [internal function]: Illuminate\Foundation\Http\Kernel->Illuminate\Foundation\Http\{closure}(Object(Illuminate\Http\Request))
#23 /var/www/html/stokkup/api/vendor/laravel/framework/src/Illuminate/Pipeline/Pipeline.php(141): call_user_func(Object(Closure), Object(Illuminate\Http\Request))
#24 /var/www/html/stokkup/api/vendor/laravel/framework/src/Illuminate/View/Middleware/ShareErrorsFromSession.php(55): Illuminate\Pipeline\Pipeline->Illuminate\Pipeline\{closure}(Object(Illuminate\Http\Request))
#25 /var/www/html/stokkup/api/vendor/laravel/framework/src/Illuminate/Pipeline/Pipeline.php(125): Illuminate\View\Middleware\ShareErrorsFromSession->handle(Object(Illuminate\Http\Request), Object(Closure))
#26 /var/www/html/stokkup/api/vendor/laravel/framework/src/Illuminate/Session/Middleware/StartSession.php(61): Illuminate\Pipeline\Pipeline->Illuminate\Pipeline\{closure}(Object(Illuminate\Http\Request))
#27 /var/www/html/stokkup/api/vendor/laravel/framework/src/Illuminate/Pipeline/Pipeline.php(125): Illuminate\Session\Middleware\StartSession->handle(Object(Illuminate\Http\Request), Object(Closure))
#28 /var/www/html/stokkup/api/vendor/laravel/framework/src/Illuminate/Cookie/Middleware/AddQueuedCookiesToResponse.php(36): Illuminate\Pipeline\Pipeline->Illuminate\Pipeline\{closure}(Object(Illuminate\Http\Request))
#29 /var/www/html/stokkup/api/vendor/laravel/framework/src/Illuminate/Pipeline/Pipeline.php(125): Illuminate\Cookie\Middleware\AddQueuedCookiesToResponse->handle(Object(Illuminate\Http\Request), Object(Closure))
#30 /var/www/html/stokkup/api/vendor/laravel/framework/src/Illuminate/Cookie/Middleware/EncryptCookies.php(40): Illuminate\Pipeline\Pipeline->Illuminate\Pipeline\{closure}(Object(Illuminate\Http\Request))
#31 /var/www/html/stokkup/api/vendor/laravel/framework/src/Illuminate/Pipeline/Pipeline.php(125): Illuminate\Cookie\Middleware\EncryptCookies->handle(Object(Illuminate\Http\Request), Object(Closure))
#32 /var/www/html/stokkup/api/vendor/laravel/framework/src/Illuminate/Foundation/Http/Middleware/CheckForMaintenanceMode.php(42): Illuminate\Pipeline\Pipeline->Illuminate\Pipeline\{closure}(Object(Illuminate\Http\Request))
#33 /var/www/html/stokkup/api/vendor/laravel/framework/src/Illuminate/Pipeline/Pipeline.php(125): Illuminate\Foundation\Http\Middleware\CheckForMaintenanceMode->handle(Object(Illuminate\Http\Request), Object(Closure))
#34 [internal function]: Illuminate\Pipeline\Pipeline->Illuminate\Pipeline\{closure}(Object(Illuminate\Http\Request))
#35 /var/www/html/stokkup/api/vendor/laravel/framework/src/Illuminate/Pipeline/Pipeline.php(101): call_user_func(Object(Closure), Object(Illuminate\Http\Request))
#36 /var/www/html/stokkup/api/vendor/laravel/framework/src/Illuminate/Foundation/Http/Kernel.php(115): Illuminate\Pipeline\Pipeline->then(Object(Closure))
#37 /var/www/html/stokkup/api/vendor/laravel/framework/src/Illuminate/Foundation/Http/Kernel.php(84): Illuminate\Foundation\Http\Kernel->sendRequestThroughRouter(Object(Illuminate\Http\Request))
#38 /var/www/html/stokkup/api/public/index.php(53): Illuminate\Foundation\Http\Kernel->handle(Object(Illuminate\Http\Request))
#39 {main}  
[2016-08-03 06:42:45] local.ERROR: exception 'ErrorException' with message 'Undefined variable: context' in /var/www/html/stokkup/api/app/Http/Controllers/QuickBookController.php:115
Stack trace:
#0 /var/www/html/stokkup/api/app/Http/Controllers/QuickBookController.php(115): Illuminate\Foundation\Bootstrap\HandleExceptions->handleError(8, 'Undefined varia...', '/var/www/html/s...', 115, Array)
#1 [internal function]: App\Http\Controllers\QuickBookController->createCustomer()
#2 /var/www/html/stokkup/api/vendor/laravel/framework/src/Illuminate/Routing/Controller.php(246): call_user_func_array(Array, Array)
#3 /var/www/html/stokkup/api/vendor/laravel/framework/src/Illuminate/Routing/ControllerDispatcher.php(162): Illuminate\Routing\Controller->callAction('createCustomer', Array)
#4 /var/www/html/stokkup/api/vendor/laravel/framework/src/Illuminate/Routing/ControllerDispatcher.php(107): Illuminate\Routing\ControllerDispatcher->call(Object(App\Http\Controllers\QuickBookController), Object(Illuminate\Routing\Route), 'createCustomer')
#5 [internal function]: Illuminate\Routing\ControllerDispatcher->Illuminate\Routing\{closure}(Object(Illuminate\Http\Request))
#6 /var/www/html/stokkup/api/vendor/laravel/framework/src/Illuminate/Pipeline/Pipeline.php(141): call_user_func(Object(Closure), Object(Illuminate\Http\Request))
#7 [internal function]: Illuminate\Pipeline\Pipeline->Illuminate\Pipeline\{closure}(Object(Illuminate\Http\Request))
#8 /var/www/html/stokkup/api/vendor/laravel/framework/src/Illuminate/Pipeline/Pipeline.php(101): call_user_func(Object(Closure), Object(Illuminate\Http\Request))
#9 /var/www/html/stokkup/api/vendor/laravel/framework/src/Illuminate/Routing/ControllerDispatcher.php(108): Illuminate\Pipeline\Pipeline->then(Object(Closure))
#10 /var/www/html/stokkup/api/vendor/laravel/framework/src/Illuminate/Routing/ControllerDispatcher.php(67): Illuminate\Routing\ControllerDispatcher->callWithinStack(Object(App\Http\Controllers\QuickBookController), Object(Illuminate\Routing\Route), Object(Illuminate\Http\Request), 'createCustomer')
#11 /var/www/html/stokkup/api/vendor/laravel/framework/src/Illuminate/Routing/Route.php(204): Illuminate\Routing\ControllerDispatcher->dispatch(Object(Illuminate\Routing\Route), Object(Illuminate\Http\Request), 'App\Http\Contro...', 'createCustomer')
#12 /var/www/html/stokkup/api/vendor/laravel/framework/src/Illuminate/Routing/Route.php(134): Illuminate\Routing\Route->runWithCustomDispatcher(Object(Illuminate\Http\Request))
#13 /var/www/html/stokkup/api/vendor/laravel/framework/src/Illuminate/Routing/Router.php(701): Illuminate\Routing\Route->run(Object(Illuminate\Http\Request))
#14 [internal function]: Illuminate\Routing\Router->Illuminate\Routing\{closure}(Object(Illuminate\Http\Request))
#15 /var/www/html/stokkup/api/vendor/laravel/framework/src/Illuminate/Pipeline/Pipeline.php(141): call_user_func(Object(Closure), Object(Illuminate\Http\Request))
#16 [internal function]: Illuminate\Pipeline\Pipeline->Illuminate\Pipeline\{closure}(Object(Illuminate\Http\Request))
#17 /var/www/html/stokkup/api/vendor/laravel/framework/src/Illuminate/Pipeline/Pipeline.php(101): call_user_func(Object(Closure), Object(Illuminate\Http\Request))
#18 /var/www/html/stokkup/api/vendor/laravel/framework/src/Illuminate/Routing/Router.php(703): Illuminate\Pipeline\Pipeline->then(Object(Closure))
#19 /var/www/html/stokkup/api/vendor/laravel/framework/src/Illuminate/Routing/Router.php(670): Illuminate\Routing\Router->runRouteWithinStack(Object(Illuminate\Routing\Route), Object(Illuminate\Http\Request))
#20 /var/www/html/stokkup/api/vendor/laravel/framework/src/Illuminate/Routing/Router.php(628): Illuminate\Routing\Router->dispatchToRoute(Object(Illuminate\Http\Request))
#21 /var/www/html/stokkup/api/vendor/laravel/framework/src/Illuminate/Foundation/Http/Kernel.php(214): Illuminate\Routing\Router->dispatch(Object(Illuminate\Http\Request))
#22 [internal function]: Illuminate\Foundation\Http\Kernel->Illuminate\Foundation\Http\{closure}(Object(Illuminate\Http\Request))
#23 /var/www/html/stokkup/api/vendor/laravel/framework/src/Illuminate/Pipeline/Pipeline.php(141): call_user_func(Object(Closure), Object(Illuminate\Http\Request))
#24 /var/www/html/stokkup/api/vendor/laravel/framework/src/Illuminate/View/Middleware/ShareErrorsFromSession.php(55): Illuminate\Pipeline\Pipeline->Illuminate\Pipeline\{closure}(Object(Illuminate\Http\Request))
#25 /var/www/html/stokkup/api/vendor/laravel/framework/src/Illuminate/Pipeline/Pipeline.php(125): Illuminate\View\Middleware\ShareErrorsFromSession->handle(Object(Illuminate\Http\Request), Object(Closure))
#26 /var/www/html/stokkup/api/vendor/laravel/framework/src/Illuminate/Session/Middleware/StartSession.php(61): Illuminate\Pipeline\Pipeline->Illuminate\Pipeline\{closure}(Object(Illuminate\Http\Request))
#27 /var/www/html/stokkup/api/vendor/laravel/framework/src/Illuminate/Pipeline/Pipeline.php(125): Illuminate\Session\Middleware\StartSession->handle(Object(Illuminate\Http\Request), Object(Closure))
#28 /var/www/html/stokkup/api/vendor/laravel/framework/src/Illuminate/Cookie/Middleware/AddQueuedCookiesToResponse.php(36): Illuminate\Pipeline\Pipeline->Illuminate\Pipeline\{closure}(Object(Illuminate\Http\Request))
#29 /var/www/html/stokkup/api/vendor/laravel/framework/src/Illuminate/Pipeline/Pipeline.php(125): Illuminate\Cookie\Middleware\AddQueuedCookiesToResponse->handle(Object(Illuminate\Http\Request), Object(Closure))
#30 /var/www/html/stokkup/api/vendor/laravel/framework/src/Illuminate/Cookie/Middleware/EncryptCookies.php(40): Illuminate\Pipeline\Pipeline->Illuminate\Pipeline\{closure}(Object(Illuminate\Http\Request))
#31 /var/www/html/stokkup/api/vendor/laravel/framework/src/Illuminate/Pipeline/Pipeline.php(125): Illuminate\Cookie\Middleware\EncryptCookies->handle(Object(Illuminate\Http\Request), Object(Closure))
#32 /var/www/html/stokkup/api/vendor/laravel/framework/src/Illuminate/Foundation/Http/Middleware/CheckForMaintenanceMode.php(42): Illuminate\Pipeline\Pipeline->Illuminate\Pipeline\{closure}(Object(Illuminate\Http\Request))
#33 /var/www/html/stokkup/api/vendor/laravel/framework/src/Illuminate/Pipeline/Pipeline.php(125): Illuminate\Foundation\Http\Middleware\CheckForMaintenanceMode->handle(Object(Illuminate\Http\Request), Object(Closure))
#34 [internal function]: Illuminate\Pipeline\Pipeline->Illuminate\Pipeline\{closure}(Object(Illuminate\Http\Request))
#35 /var/www/html/stokkup/api/vendor/laravel/framework/src/Illuminate/Pipeline/Pipeline.php(101): call_user_func(Object(Closure), Object(Illuminate\Http\Request))
#36 /var/www/html/stokkup/api/vendor/laravel/framework/src/Illuminate/Foundation/Http/Kernel.php(115): Illuminate\Pipeline\Pipeline->then(Object(Closure))
#37 /var/www/html/stokkup/api/vendor/laravel/framework/src/Illuminate/Foundation/Http/Kernel.php(84): Illuminate\Foundation\Http\Kernel->sendRequestThroughRouter(Object(Illuminate\Http\Request))
#38 /var/www/html/stokkup/api/public/index.php(53): Illuminate\Foundation\Http\Kernel->handle(Object(Illuminate\Http\Request))
#39 {main}  
[2016-08-03 06:42:47] local.ERROR: exception 'ErrorException' with message 'Undefined variable: context' in /var/www/html/stokkup/api/app/Http/Controllers/QuickBookController.php:115
Stack trace:
#0 /var/www/html/stokkup/api/app/Http/Controllers/QuickBookController.php(115): Illuminate\Foundation\Bootstrap\HandleExceptions->handleError(8, 'Undefined varia...', '/var/www/html/s...', 115, Array)
#1 [internal function]: App\Http\Controllers\QuickBookController->createCustomer()
#2 /var/www/html/stokkup/api/vendor/laravel/framework/src/Illuminate/Routing/Controller.php(246): call_user_func_array(Array, Array)
#3 /var/www/html/stokkup/api/vendor/laravel/framework/src/Illuminate/Routing/ControllerDispatcher.php(162): Illuminate\Routing\Controller->callAction('createCustomer', Array)
#4 /var/www/html/stokkup/api/vendor/laravel/framework/src/Illuminate/Routing/ControllerDispatcher.php(107): Illuminate\Routing\ControllerDispatcher->call(Object(App\Http\Controllers\QuickBookController), Object(Illuminate\Routing\Route), 'createCustomer')
#5 [internal function]: Illuminate\Routing\ControllerDispatcher->Illuminate\Routing\{closure}(Object(Illuminate\Http\Request))
#6 /var/www/html/stokkup/api/vendor/laravel/framework/src/Illuminate/Pipeline/Pipeline.php(141): call_user_func(Object(Closure), Object(Illuminate\Http\Request))
#7 [internal function]: Illuminate\Pipeline\Pipeline->Illuminate\Pipeline\{closure}(Object(Illuminate\Http\Request))
#8 /var/www/html/stokkup/api/vendor/laravel/framework/src/Illuminate/Pipeline/Pipeline.php(101): call_user_func(Object(Closure), Object(Illuminate\Http\Request))
#9 /var/www/html/stokkup/api/vendor/laravel/framework/src/Illuminate/Routing/ControllerDispatcher.php(108): Illuminate\Pipeline\Pipeline->then(Object(Closure))
#10 /var/www/html/stokkup/api/vendor/laravel/framework/src/Illuminate/Routing/ControllerDispatcher.php(67): Illuminate\Routing\ControllerDispatcher->callWithinStack(Object(App\Http\Controllers\QuickBookController), Object(Illuminate\Routing\Route), Object(Illuminate\Http\Request), 'createCustomer')
#11 /var/www/html/stokkup/api/vendor/laravel/framework/src/Illuminate/Routing/Route.php(204): Illuminate\Routing\ControllerDispatcher->dispatch(Object(Illuminate\Routing\Route), Object(Illuminate\Http\Request), 'App\Http\Contro...', 'createCustomer')
#12 /var/www/html/stokkup/api/vendor/laravel/framework/src/Illuminate/Routing/Route.php(134): Illuminate\Routing\Route->runWithCustomDispatcher(Object(Illuminate\Http\Request))
#13 /var/www/html/stokkup/api/vendor/laravel/framework/src/Illuminate/Routing/Router.php(701): Illuminate\Routing\Route->run(Object(Illuminate\Http\Request))
#14 [internal function]: Illuminate\Routing\Router->Illuminate\Routing\{closure}(Object(Illuminate\Http\Request))
#15 /var/www/html/stokkup/api/vendor/laravel/framework/src/Illuminate/Pipeline/Pipeline.php(141): call_user_func(Object(Closure), Object(Illuminate\Http\Request))
#16 [internal function]: Illuminate\Pipeline\Pipeline->Illuminate\Pipeline\{closure}(Object(Illuminate\Http\Request))
#17 /var/www/html/stokkup/api/vendor/laravel/framework/src/Illuminate/Pipeline/Pipeline.php(101): call_user_func(Object(Closure), Object(Illuminate\Http\Request))
#18 /var/www/html/stokkup/api/vendor/laravel/framework/src/Illuminate/Routing/Router.php(703): Illuminate\Pipeline\Pipeline->then(Object(Closure))
#19 /var/www/html/stokkup/api/vendor/laravel/framework/src/Illuminate/Routing/Router.php(670): Illuminate\Routing\Router->runRouteWithinStack(Object(Illuminate\Routing\Route), Object(Illuminate\Http\Request))
#20 /var/www/html/stokkup/api/vendor/laravel/framework/src/Illuminate/Routing/Router.php(628): Illuminate\Routing\Router->dispatchToRoute(Object(Illuminate\Http\Request))
#21 /var/www/html/stokkup/api/vendor/laravel/framework/src/Illuminate/Foundation/Http/Kernel.php(214): Illuminate\Routing\Router->dispatch(Object(Illuminate\Http\Request))
#22 [internal function]: Illuminate\Foundation\Http\Kernel->Illuminate\Foundation\Http\{closure}(Object(Illuminate\Http\Request))
#23 /var/www/html/stokkup/api/vendor/laravel/framework/src/Illuminate/Pipeline/Pipeline.php(141): call_user_func(Object(Closure), Object(Illuminate\Http\Request))
#24 /var/www/html/stokkup/api/vendor/laravel/framework/src/Illuminate/View/Middleware/ShareErrorsFromSession.php(55): Illuminate\Pipeline\Pipeline->Illuminate\Pipeline\{closure}(Object(Illuminate\Http\Request))
#25 /var/www/html/stokkup/api/vendor/laravel/framework/src/Illuminate/Pipeline/Pipeline.php(125): Illuminate\View\Middleware\ShareErrorsFromSession->handle(Object(Illuminate\Http\Request), Object(Closure))
#26 /var/www/html/stokkup/api/vendor/laravel/framework/src/Illuminate/Session/Middleware/StartSession.php(61): Illuminate\Pipeline\Pipeline->Illuminate\Pipeline\{closure}(Object(Illuminate\Http\Request))
#27 /var/www/html/stokkup/api/vendor/laravel/framework/src/Illuminate/Pipeline/Pipeline.php(125): Illuminate\Session\Middleware\StartSession->handle(Object(Illuminate\Http\Request), Object(Closure))
#28 /var/www/html/stokkup/api/vendor/laravel/framework/src/Illuminate/Cookie/Middleware/AddQueuedCookiesToResponse.php(36): Illuminate\Pipeline\Pipeline->Illuminate\Pipeline\{closure}(Object(Illuminate\Http\Request))
#29 /var/www/html/stokkup/api/vendor/laravel/framework/src/Illuminate/Pipeline/Pipeline.php(125): Illuminate\Cookie\Middleware\AddQueuedCookiesToResponse->handle(Object(Illuminate\Http\Request), Object(Closure))
#30 /var/www/html/stokkup/api/vendor/laravel/framework/src/Illuminate/Cookie/Middleware/EncryptCookies.php(40): Illuminate\Pipeline\Pipeline->Illuminate\Pipeline\{closure}(Object(Illuminate\Http\Request))
#31 /var/www/html/stokkup/api/vendor/laravel/framework/src/Illuminate/Pipeline/Pipeline.php(125): Illuminate\Cookie\Middleware\EncryptCookies->handle(Object(Illuminate\Http\Request), Object(Closure))
#32 /var/www/html/stokkup/api/vendor/laravel/framework/src/Illuminate/Foundation/Http/Middleware/CheckForMaintenanceMode.php(42): Illuminate\Pipeline\Pipeline->Illuminate\Pipeline\{closure}(Object(Illuminate\Http\Request))
#33 /var/www/html/stokkup/api/vendor/laravel/framework/src/Illuminate/Pipeline/Pipeline.php(125): Illuminate\Foundation\Http\Middleware\CheckForMaintenanceMode->handle(Object(Illuminate\Http\Request), Object(Closure))
#34 [internal function]: Illuminate\Pipeline\Pipeline->Illuminate\Pipeline\{closure}(Object(Illuminate\Http\Request))
#35 /var/www/html/stokkup/api/vendor/laravel/framework/src/Illuminate/Pipeline/Pipeline.php(101): call_user_func(Object(Closure), Object(Illuminate\Http\Request))
#36 /var/www/html/stokkup/api/vendor/laravel/framework/src/Illuminate/Foundation/Http/Kernel.php(115): Illuminate\Pipeline\Pipeline->then(Object(Closure))
#37 /var/www/html/stokkup/api/vendor/laravel/framework/src/Illuminate/Foundation/Http/Kernel.php(84): Illuminate\Foundation\Http\Kernel->sendRequestThroughRouter(Object(Illuminate\Http\Request))
#38 /var/www/html/stokkup/api/public/index.php(53): Illuminate\Foundation\Http\Kernel->handle(Object(Illuminate\Http\Request))
#39 {main}  
[2016-08-03 06:42:54] local.ERROR: exception 'Symfony\Component\Debug\Exception\FatalErrorException' with message 'Call to a member function IPP() on a non-object' in /var/www/html/stokkup/api/vendor/consolibyte/quickbooks/QuickBooks/IPP/Service.php:419
Stack trace:
#0 {main}  
[2016-08-03 06:44:03] local.ERROR: exception 'Symfony\Component\Debug\Exception\FatalErrorException' with message 'Call to a member function IPP() on a non-object' in /var/www/html/stokkup/api/vendor/consolibyte/quickbooks/QuickBooks/IPP/Service.php:419
Stack trace:
#0 {main}  
[2016-08-03 06:44:05] local.ERROR: exception 'Symfony\Component\Debug\Exception\FatalErrorException' with message 'Call to a member function IPP() on a non-object' in /var/www/html/stokkup/api/vendor/consolibyte/quickbooks/QuickBooks/IPP/Service.php:419
Stack trace:
#0 {main}  
[2016-08-03 06:44:13] local.ERROR: exception 'UnexpectedValueException' with message 'The Response content must be a string or object implementing __toString(), "boolean" given.' in /var/www/html/stokkup/api/vendor/symfony/http-foundation/Symfony/Component/HttpFoundation/Response.php:403
Stack trace:
#0 /var/www/html/stokkup/api/vendor/laravel/framework/src/Illuminate/Http/Response.php(47): Symfony\Component\HttpFoundation\Response->setContent(true)
#1 /var/www/html/stokkup/api/vendor/symfony/http-foundation/Symfony/Component/HttpFoundation/Response.php(202): Illuminate\Http\Response->setContent(true)
#2 /var/www/html/stokkup/api/vendor/laravel/framework/src/Illuminate/Routing/Router.php(1198): Symfony\Component\HttpFoundation\Response->__construct(true)
#3 /var/www/html/stokkup/api/vendor/laravel/framework/src/Illuminate/Routing/Router.php(702): Illuminate\Routing\Router->prepareResponse(Object(Illuminate\Http\Request), true)
#4 [internal function]: Illuminate\Routing\Router->Illuminate\Routing\{closure}(Object(Illuminate\Http\Request))
#5 /var/www/html/stokkup/api/vendor/laravel/framework/src/Illuminate/Pipeline/Pipeline.php(141): call_user_func(Object(Closure), Object(Illuminate\Http\Request))
#6 [internal function]: Illuminate\Pipeline\Pipeline->Illuminate\Pipeline\{closure}(Object(Illuminate\Http\Request))
#7 /var/www/html/stokkup/api/vendor/laravel/framework/src/Illuminate/Pipeline/Pipeline.php(101): call_user_func(Object(Closure), Object(Illuminate\Http\Request))
#8 /var/www/html/stokkup/api/vendor/laravel/framework/src/Illuminate/Routing/Router.php(703): Illuminate\Pipeline\Pipeline->then(Object(Closure))
#9 /var/www/html/stokkup/api/vendor/laravel/framework/src/Illuminate/Routing/Router.php(670): Illuminate\Routing\Router->runRouteWithinStack(Object(Illuminate\Routing\Route), Object(Illuminate\Http\Request))
#10 /var/www/html/stokkup/api/vendor/laravel/framework/src/Illuminate/Routing/Router.php(628): Illuminate\Routing\Router->dispatchToRoute(Object(Illuminate\Http\Request))
#11 /var/www/html/stokkup/api/vendor/laravel/framework/src/Illuminate/Foundation/Http/Kernel.php(214): Illuminate\Routing\Router->dispatch(Object(Illuminate\Http\Request))
#12 [internal function]: Illuminate\Foundation\Http\Kernel->Illuminate\Foundation\Http\{closure}(Object(Illuminate\Http\Request))
#13 /var/www/html/stokkup/api/vendor/laravel/framework/src/Illuminate/Pipeline/Pipeline.php(141): call_user_func(Object(Closure), Object(Illuminate\Http\Request))
#14 /var/www/html/stokkup/api/vendor/laravel/framework/src/Illuminate/View/Middleware/ShareErrorsFromSession.php(55): Illuminate\Pipeline\Pipeline->Illuminate\Pipeline\{closure}(Object(Illuminate\Http\Request))
#15 /var/www/html/stokkup/api/vendor/laravel/framework/src/Illuminate/Pipeline/Pipeline.php(125): Illuminate\View\Middleware\ShareErrorsFromSession->handle(Object(Illuminate\Http\Request), Object(Closure))
#16 /var/www/html/stokkup/api/vendor/laravel/framework/src/Illuminate/Session/Middleware/StartSession.php(61): Illuminate\Pipeline\Pipeline->Illuminate\Pipeline\{closure}(Object(Illuminate\Http\Request))
#17 /var/www/html/stokkup/api/vendor/laravel/framework/src/Illuminate/Pipeline/Pipeline.php(125): Illuminate\Session\Middleware\StartSession->handle(Object(Illuminate\Http\Request), Object(Closure))
#18 /var/www/html/stokkup/api/vendor/laravel/framework/src/Illuminate/Cookie/Middleware/AddQueuedCookiesToResponse.php(36): Illuminate\Pipeline\Pipeline->Illuminate\Pipeline\{closure}(Object(Illuminate\Http\Request))
#19 /var/www/html/stokkup/api/vendor/laravel/framework/src/Illuminate/Pipeline/Pipeline.php(125): Illuminate\Cookie\Middleware\AddQueuedCookiesToResponse->handle(Object(Illuminate\Http\Request), Object(Closure))
#20 /var/www/html/stokkup/api/vendor/laravel/framework/src/Illuminate/Cookie/Middleware/EncryptCookies.php(40): Illuminate\Pipeline\Pipeline->Illuminate\Pipeline\{closure}(Object(Illuminate\Http\Request))
#21 /var/www/html/stokkup/api/vendor/laravel/framework/src/Illuminate/Pipeline/Pipeline.php(125): Illuminate\Cookie\Middleware\EncryptCookies->handle(Object(Illuminate\Http\Request), Object(Closure))
#22 /var/www/html/stokkup/api/vendor/laravel/framework/src/Illuminate/Foundation/Http/Middleware/CheckForMaintenanceMode.php(42): Illuminate\Pipeline\Pipeline->Illuminate\Pipeline\{closure}(Object(Illuminate\Http\Request))
#23 /var/www/html/stokkup/api/vendor/laravel/framework/src/Illuminate/Pipeline/Pipeline.php(125): Illuminate\Foundation\Http\Middleware\CheckForMaintenanceMode->handle(Object(Illuminate\Http\Request), Object(Closure))
#24 [internal function]: Illuminate\Pipeline\Pipeline->Illuminate\Pipeline\{closure}(Object(Illuminate\Http\Request))
#25 /var/www/html/stokkup/api/vendor/laravel/framework/src/Illuminate/Pipeline/Pipeline.php(101): call_user_func(Object(Closure), Object(Illuminate\Http\Request))
#26 /var/www/html/stokkup/api/vendor/laravel/framework/src/Illuminate/Foundation/Http/Kernel.php(115): Illuminate\Pipeline\Pipeline->then(Object(Closure))
#27 /var/www/html/stokkup/api/vendor/laravel/framework/src/Illuminate/Foundation/Http/Kernel.php(84): Illuminate\Foundation\Http\Kernel->sendRequestThroughRouter(Object(Illuminate\Http\Request))
#28 /var/www/html/stokkup/api/public/index.php(53): Illuminate\Foundation\Http\Kernel->handle(Object(Illuminate\Http\Request))
#29 {main}  
[2016-08-03 06:45:44] local.ERROR: exception 'ErrorException' with message 'Undefined variable: context' in /var/www/html/stokkup/api/app/Http/Controllers/QuickBookController.php:125
Stack trace:
#0 /var/www/html/stokkup/api/app/Http/Controllers/QuickBookController.php(125): Illuminate\Foundation\Bootstrap\HandleExceptions->handleError(8, 'Undefined varia...', '/var/www/html/s...', 125, Array)
#1 [internal function]: App\Http\Controllers\QuickBookController->createCustomer()
#2 /var/www/html/stokkup/api/vendor/laravel/framework/src/Illuminate/Routing/Controller.php(246): call_user_func_array(Array, Array)
#3 /var/www/html/stokkup/api/vendor/laravel/framework/src/Illuminate/Routing/ControllerDispatcher.php(162): Illuminate\Routing\Controller->callAction('createCustomer', Array)
#4 /var/www/html/stokkup/api/vendor/laravel/framework/src/Illuminate/Routing/ControllerDispatcher.php(107): Illuminate\Routing\ControllerDispatcher->call(Object(App\Http\Controllers\QuickBookController), Object(Illuminate\Routing\Route), 'createCustomer')
#5 [internal function]: Illuminate\Routing\ControllerDispatcher->Illuminate\Routing\{closure}(Object(Illuminate\Http\Request))
#6 /var/www/html/stokkup/api/vendor/laravel/framework/src/Illuminate/Pipeline/Pipeline.php(141): call_user_func(Object(Closure), Object(Illuminate\Http\Request))
#7 [internal function]: Illuminate\Pipeline\Pipeline->Illuminate\Pipeline\{closure}(Object(Illuminate\Http\Request))
#8 /var/www/html/stokkup/api/vendor/laravel/framework/src/Illuminate/Pipeline/Pipeline.php(101): call_user_func(Object(Closure), Object(Illuminate\Http\Request))
#9 /var/www/html/stokkup/api/vendor/laravel/framework/src/Illuminate/Routing/ControllerDispatcher.php(108): Illuminate\Pipeline\Pipeline->then(Object(Closure))
#10 /var/www/html/stokkup/api/vendor/laravel/framework/src/Illuminate/Routing/ControllerDispatcher.php(67): Illuminate\Routing\ControllerDispatcher->callWithinStack(Object(App\Http\Controllers\QuickBookController), Object(Illuminate\Routing\Route), Object(Illuminate\Http\Request), 'createCustomer')
#11 /var/www/html/stokkup/api/vendor/laravel/framework/src/Illuminate/Routing/Route.php(204): Illuminate\Routing\ControllerDispatcher->dispatch(Object(Illuminate\Routing\Route), Object(Illuminate\Http\Request), 'App\Http\Contro...', 'createCustomer')
#12 /var/www/html/stokkup/api/vendor/laravel/framework/src/Illuminate/Routing/Route.php(134): Illuminate\Routing\Route->runWithCustomDispatcher(Object(Illuminate\Http\Request))
#13 /var/www/html/stokkup/api/vendor/laravel/framework/src/Illuminate/Routing/Router.php(701): Illuminate\Routing\Route->run(Object(Illuminate\Http\Request))
#14 [internal function]: Illuminate\Routing\Router->Illuminate\Routing\{closure}(Object(Illuminate\Http\Request))
#15 /var/www/html/stokkup/api/vendor/laravel/framework/src/Illuminate/Pipeline/Pipeline.php(141): call_user_func(Object(Closure), Object(Illuminate\Http\Request))
#16 [internal function]: Illuminate\Pipeline\Pipeline->Illuminate\Pipeline\{closure}(Object(Illuminate\Http\Request))
#17 /var/www/html/stokkup/api/vendor/laravel/framework/src/Illuminate/Pipeline/Pipeline.php(101): call_user_func(Object(Closure), Object(Illuminate\Http\Request))
#18 /var/www/html/stokkup/api/vendor/laravel/framework/src/Illuminate/Routing/Router.php(703): Illuminate\Pipeline\Pipeline->then(Object(Closure))
#19 /var/www/html/stokkup/api/vendor/laravel/framework/src/Illuminate/Routing/Router.php(670): Illuminate\Routing\Router->runRouteWithinStack(Object(Illuminate\Routing\Route), Object(Illuminate\Http\Request))
#20 /var/www/html/stokkup/api/vendor/laravel/framework/src/Illuminate/Routing/Router.php(628): Illuminate\Routing\Router->dispatchToRoute(Object(Illuminate\Http\Request))
#21 /var/www/html/stokkup/api/vendor/laravel/framework/src/Illuminate/Foundation/Http/Kernel.php(214): Illuminate\Routing\Router->dispatch(Object(Illuminate\Http\Request))
#22 [internal function]: Illuminate\Foundation\Http\Kernel->Illuminate\Foundation\Http\{closure}(Object(Illuminate\Http\Request))
#23 /var/www/html/stokkup/api/vendor/laravel/framework/src/Illuminate/Pipeline/Pipeline.php(141): call_user_func(Object(Closure), Object(Illuminate\Http\Request))
#24 /var/www/html/stokkup/api/vendor/laravel/framework/src/Illuminate/View/Middleware/ShareErrorsFromSession.php(55): Illuminate\Pipeline\Pipeline->Illuminate\Pipeline\{closure}(Object(Illuminate\Http\Request))
#25 /var/www/html/stokkup/api/vendor/laravel/framework/src/Illuminate/Pipeline/Pipeline.php(125): Illuminate\View\Middleware\ShareErrorsFromSession->handle(Object(Illuminate\Http\Request), Object(Closure))
#26 /var/www/html/stokkup/api/vendor/laravel/framework/src/Illuminate/Session/Middleware/StartSession.php(61): Illuminate\Pipeline\Pipeline->Illuminate\Pipeline\{closure}(Object(Illuminate\Http\Request))
#27 /var/www/html/stokkup/api/vendor/laravel/framework/src/Illuminate/Pipeline/Pipeline.php(125): Illuminate\Session\Middleware\StartSession->handle(Object(Illuminate\Http\Request), Object(Closure))
#28 /var/www/html/stokkup/api/vendor/laravel/framework/src/Illuminate/Cookie/Middleware/AddQueuedCookiesToResponse.php(36): Illuminate\Pipeline\Pipeline->Illuminate\Pipeline\{closure}(Object(Illuminate\Http\Request))
#29 /var/www/html/stokkup/api/vendor/laravel/framework/src/Illuminate/Pipeline/Pipeline.php(125): Illuminate\Cookie\Middleware\AddQueuedCookiesToResponse->handle(Object(Illuminate\Http\Request), Object(Closure))
#30 /var/www/html/stokkup/api/vendor/laravel/framework/src/Illuminate/Cookie/Middleware/EncryptCookies.php(40): Illuminate\Pipeline\Pipeline->Illuminate\Pipeline\{closure}(Object(Illuminate\Http\Request))
#31 /var/www/html/stokkup/api/vendor/laravel/framework/src/Illuminate/Pipeline/Pipeline.php(125): Illuminate\Cookie\Middleware\EncryptCookies->handle(Object(Illuminate\Http\Request), Object(Closure))
#32 /var/www/html/stokkup/api/vendor/laravel/framework/src/Illuminate/Foundation/Http/Middleware/CheckForMaintenanceMode.php(42): Illuminate\Pipeline\Pipeline->Illuminate\Pipeline\{closure}(Object(Illuminate\Http\Request))
#33 /var/www/html/stokkup/api/vendor/laravel/framework/src/Illuminate/Pipeline/Pipeline.php(125): Illuminate\Foundation\Http\Middleware\CheckForMaintenanceMode->handle(Object(Illuminate\Http\Request), Object(Closure))
#34 [internal function]: Illuminate\Pipeline\Pipeline->Illuminate\Pipeline\{closure}(Object(Illuminate\Http\Request))
#35 /var/www/html/stokkup/api/vendor/laravel/framework/src/Illuminate/Pipeline/Pipeline.php(101): call_user_func(Object(Closure), Object(Illuminate\Http\Request))
#36 /var/www/html/stokkup/api/vendor/laravel/framework/src/Illuminate/Foundation/Http/Kernel.php(115): Illuminate\Pipeline\Pipeline->then(Object(Closure))
#37 /var/www/html/stokkup/api/vendor/laravel/framework/src/Illuminate/Foundation/Http/Kernel.php(84): Illuminate\Foundation\Http\Kernel->sendRequestThroughRouter(Object(Illuminate\Http\Request))
#38 /var/www/html/stokkup/api/public/index.php(53): Illuminate\Foundation\Http\Kernel->handle(Object(Illuminate\Http\Request))
#39 {main}  
