[2016-04-04 10:35:06] production.ERROR: exception 'ErrorException' with message 'file_put_contents(/var/www/html/stokkup/app/data/api/storage/framework/sessions/12206989bc230456c6fe260073164d4751715133): failed to open stream: Permission denied' in /var/www/html/stokkup/app/data/api/vendor/laravel/framework/src/Illuminate/Filesystem/Filesystem.php:75
Stack trace:
#0 [internal function]: Illuminate\Foundation\Bootstrap\HandleExceptions->handleError(2, 'file_put_conten...', '/var/www/html/s...', 75, Array)
#1 /var/www/html/stokkup/app/data/api/vendor/laravel/framework/src/Illuminate/Filesystem/Filesystem.php(75): file_put_contents('/var/www/html/s...', 'a:4:{s:6:"_toke...', 2)
#2 /var/www/html/stokkup/app/data/api/vendor/laravel/framework/src/Illuminate/Session/FileSessionHandler.php(70): Illuminate\Filesystem\Filesystem->put('/var/www/html/s...', 'a:4:{s:6:"_toke...', true)
#3 /var/www/html/stokkup/app/data/api/vendor/laravel/framework/src/Illuminate/Session/Store.php(255): Illuminate\Session\FileSessionHandler->write('12206989bc23045...', 'a:4:{s:6:"_toke...')
#4 /var/www/html/stokkup/app/data/api/vendor/laravel/framework/src/Illuminate/Session/Middleware/StartSession.php(89): Illuminate\Session\Store->save()
#5 /var/www/html/stokkup/app/data/api/vendor/laravel/framework/src/Illuminate/Foundation/Http/Kernel.php(135): Illuminate\Session\Middleware\StartSession->terminate(Object(Illuminate\Http\Request), Object(Illuminate\Http\Response))
#6 /var/www/html/stokkup/app/data/api/public/index.php(57): Illuminate\Foundation\Http\Kernel->terminate(Object(Illuminate\Http\Request), Object(Illuminate\Http\Response))
#7 {main}  
[2016-04-04 05:35:23] production.ERROR: exception 'ErrorException' with message 'file_put_contents(/var/www/html/stokkup/app/data/api/storage/framework/sessions/12206989bc230456c6fe260073164d4751715133): failed to open stream: Permission denied' in /var/www/html/stokkup/app/data/api/vendor/laravel/framework/src/Illuminate/Filesystem/Filesystem.php:75
Stack trace:
#0 [internal function]: Illuminate\Foundation\Bootstrap\HandleExceptions->handleError(2, 'file_put_conten...', '/var/www/html/s...', 75, Array)
#1 /var/www/html/stokkup/app/data/api/vendor/laravel/framework/src/Illuminate/Filesystem/Filesystem.php(75): file_put_contents('/var/www/html/s...', 'a:4:{s:6:"_toke...', 2)
#2 /var/www/html/stokkup/app/data/api/vendor/laravel/framework/src/Illuminate/Session/FileSessionHandler.php(70): Illuminate\Filesystem\Filesystem->put('/var/www/html/s...', 'a:4:{s:6:"_toke...', true)
#3 /var/www/html/stokkup/app/data/api/vendor/laravel/framework/src/Illuminate/Session/Store.php(255): Illuminate\Session\FileSessionHandler->write('12206989bc23045...', 'a:4:{s:6:"_toke...')
#4 /var/www/html/stokkup/app/data/api/vendor/laravel/framework/src/Illuminate/Session/Middleware/StartSession.php(89): Illuminate\Session\Store->save()
#5 /var/www/html/stokkup/app/data/api/vendor/laravel/framework/src/Illuminate/Foundation/Http/Kernel.php(135): Illuminate\Session\Middleware\StartSession->terminate(Object(Illuminate\Http\Request), Object(Illuminate\Http\JsonResponse))
#6 /var/www/html/stokkup/app/data/api/public/index.php(57): Illuminate\Foundation\Http\Kernel->terminate(Object(Illuminate\Http\Request), Object(Illuminate\Http\JsonResponse))
#7 {main}  
[2016-04-04 05:35:26] production.ERROR: exception 'ErrorException' with message 'file_put_contents(/var/www/html/stokkup/app/data/api/storage/framework/sessions/12206989bc230456c6fe260073164d4751715133): failed to open stream: Permission denied' in /var/www/html/stokkup/app/data/api/vendor/laravel/framework/src/Illuminate/Filesystem/Filesystem.php:75
Stack trace:
#0 [internal function]: Illuminate\Foundation\Bootstrap\HandleExceptions->handleError(2, 'file_put_conten...', '/var/www/html/s...', 75, Array)
#1 /var/www/html/stokkup/app/data/api/vendor/laravel/framework/src/Illuminate/Filesystem/Filesystem.php(75): file_put_contents('/var/www/html/s...', 'a:4:{s:6:"_toke...', 2)
#2 /var/www/html/stokkup/app/data/api/vendor/laravel/framework/src/Illuminate/Session/FileSessionHandler.php(70): Illuminate\Filesystem\Filesystem->put('/var/www/html/s...', 'a:4:{s:6:"_toke...', true)
#3 /var/www/html/stokkup/app/data/api/vendor/laravel/framework/src/Illuminate/Session/Store.php(255): Illuminate\Session\FileSessionHandler->write('12206989bc23045...', 'a:4:{s:6:"_toke...')
#4 /var/www/html/stokkup/app/data/api/vendor/laravel/framework/src/Illuminate/Session/Middleware/StartSession.php(89): Illuminate\Session\Store->save()
#5 /var/www/html/stokkup/app/data/api/vendor/laravel/framework/src/Illuminate/Foundation/Http/Kernel.php(135): Illuminate\Session\Middleware\StartSession->terminate(Object(Illuminate\Http\Request), Object(Illuminate\Http\JsonResponse))
#6 /var/www/html/stokkup/app/data/api/public/index.php(57): Illuminate\Foundation\Http\Kernel->terminate(Object(Illuminate\Http\Request), Object(Illuminate\Http\JsonResponse))
#7 {main}  
[2016-04-04 05:35:27] production.ERROR: exception 'ErrorException' with message 'file_put_contents(/var/www/html/stokkup/app/data/api/storage/framework/sessions/12206989bc230456c6fe260073164d4751715133): failed to open stream: Permission denied' in /var/www/html/stokkup/app/data/api/vendor/laravel/framework/src/Illuminate/Filesystem/Filesystem.php:75
Stack trace:
#0 [internal function]: Illuminate\Foundation\Bootstrap\HandleExceptions->handleError(2, 'file_put_conten...', '/var/www/html/s...', 75, Array)
#1 /var/www/html/stokkup/app/data/api/vendor/laravel/framework/src/Illuminate/Filesystem/Filesystem.php(75): file_put_contents('/var/www/html/s...', 'a:4:{s:6:"_toke...', 2)
#2 /var/www/html/stokkup/app/data/api/vendor/laravel/framework/src/Illuminate/Session/FileSessionHandler.php(70): Illuminate\Filesystem\Filesystem->put('/var/www/html/s...', 'a:4:{s:6:"_toke...', true)
#3 /var/www/html/stokkup/app/data/api/vendor/laravel/framework/src/Illuminate/Session/Store.php(255): Illuminate\Session\FileSessionHandler->write('12206989bc23045...', 'a:4:{s:6:"_toke...')
#4 /var/www/html/stokkup/app/data/api/vendor/laravel/framework/src/Illuminate/Session/Middleware/StartSession.php(89): Illuminate\Session\Store->save()
#5 /var/www/html/stokkup/app/data/api/vendor/laravel/framework/src/Illuminate/Foundation/Http/Kernel.php(135): Illuminate\Session\Middleware\StartSession->terminate(Object(Illuminate\Http\Request), Object(Illuminate\Http\JsonResponse))
#6 /var/www/html/stokkup/app/data/api/public/index.php(57): Illuminate\Foundation\Http\Kernel->terminate(Object(Illuminate\Http\Request), Object(Illuminate\Http\JsonResponse))
#7 {main}  
[2016-04-04 05:35:28] production.ERROR: exception 'ErrorException' with message 'file_put_contents(/var/www/html/stokkup/app/data/api/storage/framework/sessions/12206989bc230456c6fe260073164d4751715133): failed to open stream: Permission denied' in /var/www/html/stokkup/app/data/api/vendor/laravel/framework/src/Illuminate/Filesystem/Filesystem.php:75
Stack trace:
#0 [internal function]: Illuminate\Foundation\Bootstrap\HandleExceptions->handleError(2, 'file_put_conten...', '/var/www/html/s...', 75, Array)
#1 /var/www/html/stokkup/app/data/api/vendor/laravel/framework/src/Illuminate/Filesystem/Filesystem.php(75): file_put_contents('/var/www/html/s...', 'a:4:{s:6:"_toke...', 2)
#2 /var/www/html/stokkup/app/data/api/vendor/laravel/framework/src/Illuminate/Session/FileSessionHandler.php(70): Illuminate\Filesystem\Filesystem->put('/var/www/html/s...', 'a:4:{s:6:"_toke...', true)
#3 /var/www/html/stokkup/app/data/api/vendor/laravel/framework/src/Illuminate/Session/Store.php(255): Illuminate\Session\FileSessionHandler->write('12206989bc23045...', 'a:4:{s:6:"_toke...')
#4 /var/www/html/stokkup/app/data/api/vendor/laravel/framework/src/Illuminate/Session/Middleware/StartSession.php(89): Illuminate\Session\Store->save()
#5 /var/www/html/stokkup/app/data/api/vendor/laravel/framework/src/Illuminate/Foundation/Http/Kernel.php(135): Illuminate\Session\Middleware\StartSession->terminate(Object(Illuminate\Http\Request), Object(Illuminate\Http\JsonResponse))
#6 /var/www/html/stokkup/app/data/api/public/index.php(57): Illuminate\Foundation\Http\Kernel->terminate(Object(Illuminate\Http\Request), Object(Illuminate\Http\JsonResponse))
#7 {main}  
[2016-04-04 05:35:29] production.ERROR: exception 'ErrorException' with message 'file_put_contents(/var/www/html/stokkup/app/data/api/storage/framework/sessions/12206989bc230456c6fe260073164d4751715133): failed to open stream: Permission denied' in /var/www/html/stokkup/app/data/api/vendor/laravel/framework/src/Illuminate/Filesystem/Filesystem.php:75
Stack trace:
#0 [internal function]: Illuminate\Foundation\Bootstrap\HandleExceptions->handleError(2, 'file_put_conten...', '/var/www/html/s...', 75, Array)
#1 /var/www/html/stokkup/app/data/api/vendor/laravel/framework/src/Illuminate/Filesystem/Filesystem.php(75): file_put_contents('/var/www/html/s...', 'a:4:{s:6:"_toke...', 2)
#2 /var/www/html/stokkup/app/data/api/vendor/laravel/framework/src/Illuminate/Session/FileSessionHandler.php(70): Illuminate\Filesystem\Filesystem->put('/var/www/html/s...', 'a:4:{s:6:"_toke...', true)
#3 /var/www/html/stokkup/app/data/api/vendor/laravel/framework/src/Illuminate/Session/Store.php(255): Illuminate\Session\FileSessionHandler->write('12206989bc23045...', 'a:4:{s:6:"_toke...')
#4 /var/www/html/stokkup/app/data/api/vendor/laravel/framework/src/Illuminate/Session/Middleware/StartSession.php(89): Illuminate\Session\Store->save()
#5 /var/www/html/stokkup/app/data/api/vendor/laravel/framework/src/Illuminate/Foundation/Http/Kernel.php(135): Illuminate\Session\Middleware\StartSession->terminate(Object(Illuminate\Http\Request), Object(Illuminate\Http\JsonResponse))
#6 /var/www/html/stokkup/app/data/api/public/index.php(57): Illuminate\Foundation\Http\Kernel->terminate(Object(Illuminate\Http\Request), Object(Illuminate\Http\JsonResponse))
#7 {main}  
[2016-04-04 05:35:31] production.ERROR: exception 'ErrorException' with message 'file_put_contents(/var/www/html/stokkup/app/data/api/storage/framework/sessions/12206989bc230456c6fe260073164d4751715133): failed to open stream: Permission denied' in /var/www/html/stokkup/app/data/api/vendor/laravel/framework/src/Illuminate/Filesystem/Filesystem.php:75
Stack trace:
#0 [internal function]: Illuminate\Foundation\Bootstrap\HandleExceptions->handleError(2, 'file_put_conten...', '/var/www/html/s...', 75, Array)
#1 /var/www/html/stokkup/app/data/api/vendor/laravel/framework/src/Illuminate/Filesystem/Filesystem.php(75): file_put_contents('/var/www/html/s...', 'a:4:{s:6:"_toke...', 2)
#2 /var/www/html/stokkup/app/data/api/vendor/laravel/framework/src/Illuminate/Session/FileSessionHandler.php(70): Illuminate\Filesystem\Filesystem->put('/var/www/html/s...', 'a:4:{s:6:"_toke...', true)
#3 /var/www/html/stokkup/app/data/api/vendor/laravel/framework/src/Illuminate/Session/Store.php(255): Illuminate\Session\FileSessionHandler->write('12206989bc23045...', 'a:4:{s:6:"_toke...')
#4 /var/www/html/stokkup/app/data/api/vendor/laravel/framework/src/Illuminate/Session/Middleware/StartSession.php(89): Illuminate\Session\Store->save()
#5 /var/www/html/stokkup/app/data/api/vendor/laravel/framework/src/Illuminate/Foundation/Http/Kernel.php(135): Illuminate\Session\Middleware\StartSession->terminate(Object(Illuminate\Http\Request), Object(Illuminate\Http\JsonResponse))
#6 /var/www/html/stokkup/app/data/api/public/index.php(57): Illuminate\Foundation\Http\Kernel->terminate(Object(Illuminate\Http\Request), Object(Illuminate\Http\JsonResponse))
#7 {main}  
[2016-04-04 05:35:32] production.ERROR: exception 'ErrorException' with message 'file_put_contents(/var/www/html/stokkup/app/data/api/storage/framework/sessions/12206989bc230456c6fe260073164d4751715133): failed to open stream: Permission denied' in /var/www/html/stokkup/app/data/api/vendor/laravel/framework/src/Illuminate/Filesystem/Filesystem.php:75
Stack trace:
#0 [internal function]: Illuminate\Foundation\Bootstrap\HandleExceptions->handleError(2, 'file_put_conten...', '/var/www/html/s...', 75, Array)
#1 /var/www/html/stokkup/app/data/api/vendor/laravel/framework/src/Illuminate/Filesystem/Filesystem.php(75): file_put_contents('/var/www/html/s...', 'a:4:{s:6:"_toke...', 2)
#2 /var/www/html/stokkup/app/data/api/vendor/laravel/framework/src/Illuminate/Session/FileSessionHandler.php(70): Illuminate\Filesystem\Filesystem->put('/var/www/html/s...', 'a:4:{s:6:"_toke...', true)
#3 /var/www/html/stokkup/app/data/api/vendor/laravel/framework/src/Illuminate/Session/Store.php(255): Illuminate\Session\FileSessionHandler->write('12206989bc23045...', 'a:4:{s:6:"_toke...')
#4 /var/www/html/stokkup/app/data/api/vendor/laravel/framework/src/Illuminate/Session/Middleware/StartSession.php(89): Illuminate\Session\Store->save()
#5 /var/www/html/stokkup/app/data/api/vendor/laravel/framework/src/Illuminate/Foundation/Http/Kernel.php(135): Illuminate\Session\Middleware\StartSession->terminate(Object(Illuminate\Http\Request), Object(Illuminate\Http\JsonResponse))
#6 /var/www/html/stokkup/app/data/api/public/index.php(57): Illuminate\Foundation\Http\Kernel->terminate(Object(Illuminate\Http\Request), Object(Illuminate\Http\JsonResponse))
#7 {main}  
[2016-04-04 05:35:33] production.ERROR: exception 'ErrorException' with message 'file_put_contents(/var/www/html/stokkup/app/data/api/storage/framework/sessions/12206989bc230456c6fe260073164d4751715133): failed to open stream: Permission denied' in /var/www/html/stokkup/app/data/api/vendor/laravel/framework/src/Illuminate/Filesystem/Filesystem.php:75
Stack trace:
#0 [internal function]: Illuminate\Foundation\Bootstrap\HandleExceptions->handleError(2, 'file_put_conten...', '/var/www/html/s...', 75, Array)
#1 /var/www/html/stokkup/app/data/api/vendor/laravel/framework/src/Illuminate/Filesystem/Filesystem.php(75): file_put_contents('/var/www/html/s...', 'a:4:{s:6:"_toke...', 2)
#2 /var/www/html/stokkup/app/data/api/vendor/laravel/framework/src/Illuminate/Session/FileSessionHandler.php(70): Illuminate\Filesystem\Filesystem->put('/var/www/html/s...', 'a:4:{s:6:"_toke...', true)
#3 /var/www/html/stokkup/app/data/api/vendor/laravel/framework/src/Illuminate/Session/Store.php(255): Illuminate\Session\FileSessionHandler->write('12206989bc23045...', 'a:4:{s:6:"_toke...')
#4 /var/www/html/stokkup/app/data/api/vendor/laravel/framework/src/Illuminate/Session/Middleware/StartSession.php(89): Illuminate\Session\Store->save()
#5 /var/www/html/stokkup/app/data/api/vendor/laravel/framework/src/Illuminate/Foundation/Http/Kernel.php(135): Illuminate\Session\Middleware\StartSession->terminate(Object(Illuminate\Http\Request), Object(Illuminate\Http\JsonResponse))
#6 /var/www/html/stokkup/app/data/api/public/index.php(57): Illuminate\Foundation\Http\Kernel->terminate(Object(Illuminate\Http\Request), Object(Illuminate\Http\JsonResponse))
#7 {main}  
[2016-04-04 05:35:35] production.ERROR: exception 'ErrorException' with message 'file_put_contents(/var/www/html/stokkup/app/data/api/storage/framework/sessions/12206989bc230456c6fe260073164d4751715133): failed to open stream: Permission denied' in /var/www/html/stokkup/app/data/api/vendor/laravel/framework/src/Illuminate/Filesystem/Filesystem.php:75
Stack trace:
#0 [internal function]: Illuminate\Foundation\Bootstrap\HandleExceptions->handleError(2, 'file_put_conten...', '/var/www/html/s...', 75, Array)
#1 /var/www/html/stokkup/app/data/api/vendor/laravel/framework/src/Illuminate/Filesystem/Filesystem.php(75): file_put_contents('/var/www/html/s...', 'a:4:{s:6:"_toke...', 2)
#2 /var/www/html/stokkup/app/data/api/vendor/laravel/framework/src/Illuminate/Session/FileSessionHandler.php(70): Illuminate\Filesystem\Filesystem->put('/var/www/html/s...', 'a:4:{s:6:"_toke...', true)
#3 /var/www/html/stokkup/app/data/api/vendor/laravel/framework/src/Illuminate/Session/Store.php(255): Illuminate\Session\FileSessionHandler->write('12206989bc23045...', 'a:4:{s:6:"_toke...')
#4 /var/www/html/stokkup/app/data/api/vendor/laravel/framework/src/Illuminate/Session/Middleware/StartSession.php(89): Illuminate\Session\Store->save()
#5 /var/www/html/stokkup/app/data/api/vendor/laravel/framework/src/Illuminate/Foundation/Http/Kernel.php(135): Illuminate\Session\Middleware\StartSession->terminate(Object(Illuminate\Http\Request), Object(Illuminate\Http\JsonResponse))
#6 /var/www/html/stokkup/app/data/api/public/index.php(57): Illuminate\Foundation\Http\Kernel->terminate(Object(Illuminate\Http\Request), Object(Illuminate\Http\JsonResponse))
#7 {main}  
[2016-04-04 05:35:37] production.ERROR: exception 'ErrorException' with message 'file_put_contents(/var/www/html/stokkup/app/data/api/storage/framework/sessions/12206989bc230456c6fe260073164d4751715133): failed to open stream: Permission denied' in /var/www/html/stokkup/app/data/api/vendor/laravel/framework/src/Illuminate/Filesystem/Filesystem.php:75
Stack trace:
#0 [internal function]: Illuminate\Foundation\Bootstrap\HandleExceptions->handleError(2, 'file_put_conten...', '/var/www/html/s...', 75, Array)
#1 /var/www/html/stokkup/app/data/api/vendor/laravel/framework/src/Illuminate/Filesystem/Filesystem.php(75): file_put_contents('/var/www/html/s...', 'a:4:{s:6:"_toke...', 2)
#2 /var/www/html/stokkup/app/data/api/vendor/laravel/framework/src/Illuminate/Session/FileSessionHandler.php(70): Illuminate\Filesystem\Filesystem->put('/var/www/html/s...', 'a:4:{s:6:"_toke...', true)
#3 /var/www/html/stokkup/app/data/api/vendor/laravel/framework/src/Illuminate/Session/Store.php(255): Illuminate\Session\FileSessionHandler->write('12206989bc23045...', 'a:4:{s:6:"_toke...')
#4 /var/www/html/stokkup/app/data/api/vendor/laravel/framework/src/Illuminate/Session/Middleware/StartSession.php(89): Illuminate\Session\Store->save()
#5 /var/www/html/stokkup/app/data/api/vendor/laravel/framework/src/Illuminate/Foundation/Http/Kernel.php(135): Illuminate\Session\Middleware\StartSession->terminate(Object(Illuminate\Http\Request), Object(Illuminate\Http\JsonResponse))
#6 /var/www/html/stokkup/app/data/api/public/index.php(57): Illuminate\Foundation\Http\Kernel->terminate(Object(Illuminate\Http\Request), Object(Illuminate\Http\JsonResponse))
#7 {main}  
[2016-04-04 05:35:38] production.ERROR: exception 'ErrorException' with message 'file_put_contents(/var/www/html/stokkup/app/data/api/storage/framework/sessions/12206989bc230456c6fe260073164d4751715133): failed to open stream: Permission denied' in /var/www/html/stokkup/app/data/api/vendor/laravel/framework/src/Illuminate/Filesystem/Filesystem.php:75
Stack trace:
#0 [internal function]: Illuminate\Foundation\Bootstrap\HandleExceptions->handleError(2, 'file_put_conten...', '/var/www/html/s...', 75, Array)
#1 /var/www/html/stokkup/app/data/api/vendor/laravel/framework/src/Illuminate/Filesystem/Filesystem.php(75): file_put_contents('/var/www/html/s...', 'a:4:{s:6:"_toke...', 2)
#2 /var/www/html/stokkup/app/data/api/vendor/laravel/framework/src/Illuminate/Session/FileSessionHandler.php(70): Illuminate\Filesystem\Filesystem->put('/var/www/html/s...', 'a:4:{s:6:"_toke...', true)
#3 /var/www/html/stokkup/app/data/api/vendor/laravel/framework/src/Illuminate/Session/Store.php(255): Illuminate\Session\FileSessionHandler->write('12206989bc23045...', 'a:4:{s:6:"_toke...')
#4 /var/www/html/stokkup/app/data/api/vendor/laravel/framework/src/Illuminate/Session/Middleware/StartSession.php(89): Illuminate\Session\Store->save()
#5 /var/www/html/stokkup/app/data/api/vendor/laravel/framework/src/Illuminate/Foundation/Http/Kernel.php(135): Illuminate\Session\Middleware\StartSession->terminate(Object(Illuminate\Http\Request), Object(Illuminate\Http\JsonResponse))
#6 /var/www/html/stokkup/app/data/api/public/index.php(57): Illuminate\Foundation\Http\Kernel->terminate(Object(Illuminate\Http\Request), Object(Illuminate\Http\JsonResponse))
#7 {main}  
[2016-04-04 05:35:39] production.ERROR: exception 'ErrorException' with message 'file_put_contents(/var/www/html/stokkup/app/data/api/storage/framework/sessions/12206989bc230456c6fe260073164d4751715133): failed to open stream: Permission denied' in /var/www/html/stokkup/app/data/api/vendor/laravel/framework/src/Illuminate/Filesystem/Filesystem.php:75
Stack trace:
#0 [internal function]: Illuminate\Foundation\Bootstrap\HandleExceptions->handleError(2, 'file_put_conten...', '/var/www/html/s...', 75, Array)
#1 /var/www/html/stokkup/app/data/api/vendor/laravel/framework/src/Illuminate/Filesystem/Filesystem.php(75): file_put_contents('/var/www/html/s...', 'a:4:{s:6:"_toke...', 2)
#2 /var/www/html/stokkup/app/data/api/vendor/laravel/framework/src/Illuminate/Session/FileSessionHandler.php(70): Illuminate\Filesystem\Filesystem->put('/var/www/html/s...', 'a:4:{s:6:"_toke...', true)
#3 /var/www/html/stokkup/app/data/api/vendor/laravel/framework/src/Illuminate/Session/Store.php(255): Illuminate\Session\FileSessionHandler->write('12206989bc23045...', 'a:4:{s:6:"_toke...')
#4 /var/www/html/stokkup/app/data/api/vendor/laravel/framework/src/Illuminate/Session/Middleware/StartSession.php(89): Illuminate\Session\Store->save()
#5 /var/www/html/stokkup/app/data/api/vendor/laravel/framework/src/Illuminate/Foundation/Http/Kernel.php(135): Illuminate\Session\Middleware\StartSession->terminate(Object(Illuminate\Http\Request), Object(Illuminate\Http\JsonResponse))
#6 /var/www/html/stokkup/app/data/api/public/index.php(57): Illuminate\Foundation\Http\Kernel->terminate(Object(Illuminate\Http\Request), Object(Illuminate\Http\JsonResponse))
#7 {main}  
[2016-04-04 05:35:40] production.ERROR: exception 'ErrorException' with message 'file_put_contents(/var/www/html/stokkup/app/data/api/storage/framework/sessions/12206989bc230456c6fe260073164d4751715133): failed to open stream: Permission denied' in /var/www/html/stokkup/app/data/api/vendor/laravel/framework/src/Illuminate/Filesystem/Filesystem.php:75
Stack trace:
#0 [internal function]: Illuminate\Foundation\Bootstrap\HandleExceptions->handleError(2, 'file_put_conten...', '/var/www/html/s...', 75, Array)
#1 /var/www/html/stokkup/app/data/api/vendor/laravel/framework/src/Illuminate/Filesystem/Filesystem.php(75): file_put_contents('/var/www/html/s...', 'a:4:{s:6:"_toke...', 2)
#2 /var/www/html/stokkup/app/data/api/vendor/laravel/framework/src/Illuminate/Session/FileSessionHandler.php(70): Illuminate\Filesystem\Filesystem->put('/var/www/html/s...', 'a:4:{s:6:"_toke...', true)
#3 /var/www/html/stokkup/app/data/api/vendor/laravel/framework/src/Illuminate/Session/Store.php(255): Illuminate\Session\FileSessionHandler->write('12206989bc23045...', 'a:4:{s:6:"_toke...')
#4 /var/www/html/stokkup/app/data/api/vendor/laravel/framework/src/Illuminate/Session/Middleware/StartSession.php(89): Illuminate\Session\Store->save()
#5 /var/www/html/stokkup/app/data/api/vendor/laravel/framework/src/Illuminate/Foundation/Http/Kernel.php(135): Illuminate\Session\Middleware\StartSession->terminate(Object(Illuminate\Http\Request), Object(Illuminate\Http\JsonResponse))
#6 /var/www/html/stokkup/app/data/api/public/index.php(57): Illuminate\Foundation\Http\Kernel->terminate(Object(Illuminate\Http\Request), Object(Illuminate\Http\JsonResponse))
#7 {main}  
[2016-04-04 05:35:42] production.ERROR: exception 'ErrorException' with message 'file_put_contents(/var/www/html/stokkup/app/data/api/storage/framework/sessions/12206989bc230456c6fe260073164d4751715133): failed to open stream: Permission denied' in /var/www/html/stokkup/app/data/api/vendor/laravel/framework/src/Illuminate/Filesystem/Filesystem.php:75
Stack trace:
#0 [internal function]: Illuminate\Foundation\Bootstrap\HandleExceptions->handleError(2, 'file_put_conten...', '/var/www/html/s...', 75, Array)
#1 /var/www/html/stokkup/app/data/api/vendor/laravel/framework/src/Illuminate/Filesystem/Filesystem.php(75): file_put_contents('/var/www/html/s...', 'a:4:{s:6:"_toke...', 2)
#2 /var/www/html/stokkup/app/data/api/vendor/laravel/framework/src/Illuminate/Session/FileSessionHandler.php(70): Illuminate\Filesystem\Filesystem->put('/var/www/html/s...', 'a:4:{s:6:"_toke...', true)
#3 /var/www/html/stokkup/app/data/api/vendor/laravel/framework/src/Illuminate/Session/Store.php(255): Illuminate\Session\FileSessionHandler->write('12206989bc23045...', 'a:4:{s:6:"_toke...')
#4 /var/www/html/stokkup/app/data/api/vendor/laravel/framework/src/Illuminate/Session/Middleware/StartSession.php(89): Illuminate\Session\Store->save()
#5 /var/www/html/stokkup/app/data/api/vendor/laravel/framework/src/Illuminate/Foundation/Http/Kernel.php(135): Illuminate\Session\Middleware\StartSession->terminate(Object(Illuminate\Http\Request), Object(Illuminate\Http\JsonResponse))
#6 /var/www/html/stokkup/app/data/api/public/index.php(57): Illuminate\Foundation\Http\Kernel->terminate(Object(Illuminate\Http\Request), Object(Illuminate\Http\JsonResponse))
#7 {main}  
[2016-04-04 05:35:43] production.ERROR: exception 'ErrorException' with message 'file_put_contents(/var/www/html/stokkup/app/data/api/storage/framework/sessions/12206989bc230456c6fe260073164d4751715133): failed to open stream: Permission denied' in /var/www/html/stokkup/app/data/api/vendor/laravel/framework/src/Illuminate/Filesystem/Filesystem.php:75
Stack trace:
#0 [internal function]: Illuminate\Foundation\Bootstrap\HandleExceptions->handleError(2, 'file_put_conten...', '/var/www/html/s...', 75, Array)
#1 /var/www/html/stokkup/app/data/api/vendor/laravel/framework/src/Illuminate/Filesystem/Filesystem.php(75): file_put_contents('/var/www/html/s...', 'a:4:{s:6:"_toke...', 2)
#2 /var/www/html/stokkup/app/data/api/vendor/laravel/framework/src/Illuminate/Session/FileSessionHandler.php(70): Illuminate\Filesystem\Filesystem->put('/var/www/html/s...', 'a:4:{s:6:"_toke...', true)
#3 /var/www/html/stokkup/app/data/api/vendor/laravel/framework/src/Illuminate/Session/Store.php(255): Illuminate\Session\FileSessionHandler->write('12206989bc23045...', 'a:4:{s:6:"_toke...')
#4 /var/www/html/stokkup/app/data/api/vendor/laravel/framework/src/Illuminate/Session/Middleware/StartSession.php(89): Illuminate\Session\Store->save()
#5 /var/www/html/stokkup/app/data/api/vendor/laravel/framework/src/Illuminate/Foundation/Http/Kernel.php(135): Illuminate\Session\Middleware\StartSession->terminate(Object(Illuminate\Http\Request), Object(Illuminate\Http\JsonResponse))
#6 /var/www/html/stokkup/app/data/api/public/index.php(57): Illuminate\Foundation\Http\Kernel->terminate(Object(Illuminate\Http\Request), Object(Illuminate\Http\JsonResponse))
#7 {main}  
[2016-04-04 05:35:44] production.ERROR: exception 'ErrorException' with message 'file_put_contents(/var/www/html/stokkup/app/data/api/storage/framework/sessions/12206989bc230456c6fe260073164d4751715133): failed to open stream: Permission denied' in /var/www/html/stokkup/app/data/api/vendor/laravel/framework/src/Illuminate/Filesystem/Filesystem.php:75
Stack trace:
#0 [internal function]: Illuminate\Foundation\Bootstrap\HandleExceptions->handleError(2, 'file_put_conten...', '/var/www/html/s...', 75, Array)
#1 /var/www/html/stokkup/app/data/api/vendor/laravel/framework/src/Illuminate/Filesystem/Filesystem.php(75): file_put_contents('/var/www/html/s...', 'a:4:{s:6:"_toke...', 2)
#2 /var/www/html/stokkup/app/data/api/vendor/laravel/framework/src/Illuminate/Session/FileSessionHandler.php(70): Illuminate\Filesystem\Filesystem->put('/var/www/html/s...', 'a:4:{s:6:"_toke...', true)
#3 /var/www/html/stokkup/app/data/api/vendor/laravel/framework/src/Illuminate/Session/Store.php(255): Illuminate\Session\FileSessionHandler->write('12206989bc23045...', 'a:4:{s:6:"_toke...')
#4 /var/www/html/stokkup/app/data/api/vendor/laravel/framework/src/Illuminate/Session/Middleware/StartSession.php(89): Illuminate\Session\Store->save()
#5 /var/www/html/stokkup/app/data/api/vendor/laravel/framework/src/Illuminate/Foundation/Http/Kernel.php(135): Illuminate\Session\Middleware\StartSession->terminate(Object(Illuminate\Http\Request), Object(Illuminate\Http\JsonResponse))
#6 /var/www/html/stokkup/app/data/api/public/index.php(57): Illuminate\Foundation\Http\Kernel->terminate(Object(Illuminate\Http\Request), Object(Illuminate\Http\JsonResponse))
#7 {main}  
[2016-04-04 05:35:47] production.ERROR: exception 'ErrorException' with message 'file_put_contents(/var/www/html/stokkup/app/data/api/storage/framework/sessions/12206989bc230456c6fe260073164d4751715133): failed to open stream: Permission denied' in /var/www/html/stokkup/app/data/api/vendor/laravel/framework/src/Illuminate/Filesystem/Filesystem.php:75
Stack trace:
#0 [internal function]: Illuminate\Foundation\Bootstrap\HandleExceptions->handleError(2, 'file_put_conten...', '/var/www/html/s...', 75, Array)
#1 /var/www/html/stokkup/app/data/api/vendor/laravel/framework/src/Illuminate/Filesystem/Filesystem.php(75): file_put_contents('/var/www/html/s...', 'a:4:{s:6:"_toke...', 2)
#2 /var/www/html/stokkup/app/data/api/vendor/laravel/framework/src/Illuminate/Session/FileSessionHandler.php(70): Illuminate\Filesystem\Filesystem->put('/var/www/html/s...', 'a:4:{s:6:"_toke...', true)
#3 /var/www/html/stokkup/app/data/api/vendor/laravel/framework/src/Illuminate/Session/Store.php(255): Illuminate\Session\FileSessionHandler->write('12206989bc23045...', 'a:4:{s:6:"_toke...')
#4 /var/www/html/stokkup/app/data/api/vendor/laravel/framework/src/Illuminate/Session/Middleware/StartSession.php(89): Illuminate\Session\Store->save()
#5 /var/www/html/stokkup/app/data/api/vendor/laravel/framework/src/Illuminate/Foundation/Http/Kernel.php(135): Illuminate\Session\Middleware\StartSession->terminate(Object(Illuminate\Http\Request), Object(Illuminate\Http\JsonResponse))
#6 /var/www/html/stokkup/app/data/api/public/index.php(57): Illuminate\Foundation\Http\Kernel->terminate(Object(Illuminate\Http\Request), Object(Illuminate\Http\JsonResponse))
#7 {main}  
[2016-04-04 08:57:00] production.ERROR: exception 'ErrorException' with message 'Undefined index: client_id' in /var/www/html/stokkup/app/data/api/app/Http/Controllers/ClientController.php:261
Stack trace:
#0 /var/www/html/stokkup/app/data/api/app/Http/Controllers/ClientController.php(261): Illuminate\Foundation\Bootstrap\HandleExceptions->handleError(8, 'Undefined index...', '/var/www/html/s...', 261, Array)
#1 [internal function]: App\Http\Controllers\ClientController->GetclientDetail()
#2 /var/www/html/stokkup/app/data/api/vendor/laravel/framework/src/Illuminate/Routing/Controller.php(246): call_user_func_array(Array, Array)
#3 /var/www/html/stokkup/app/data/api/vendor/laravel/framework/src/Illuminate/Routing/ControllerDispatcher.php(162): Illuminate\Routing\Controller->callAction('GetclientDetail', Array)
#4 /var/www/html/stokkup/app/data/api/vendor/laravel/framework/src/Illuminate/Routing/ControllerDispatcher.php(107): Illuminate\Routing\ControllerDispatcher->call(Object(App\Http\Controllers\ClientController), Object(Illuminate\Routing\Route), 'GetclientDetail')
#5 [internal function]: Illuminate\Routing\ControllerDispatcher->Illuminate\Routing\{closure}(Object(Illuminate\Http\Request))
#6 /var/www/html/stokkup/app/data/api/vendor/laravel/framework/src/Illuminate/Pipeline/Pipeline.php(141): call_user_func(Object(Closure), Object(Illuminate\Http\Request))
#7 [internal function]: Illuminate\Pipeline\Pipeline->Illuminate\Pipeline\{closure}(Object(Illuminate\Http\Request))
#8 /var/www/html/stokkup/app/data/api/vendor/laravel/framework/src/Illuminate/Pipeline/Pipeline.php(101): call_user_func(Object(Closure), Object(Illuminate\Http\Request))
#9 /var/www/html/stokkup/app/data/api/vendor/laravel/framework/src/Illuminate/Routing/ControllerDispatcher.php(108): Illuminate\Pipeline\Pipeline->then(Object(Closure))
#10 /var/www/html/stokkup/app/data/api/vendor/laravel/framework/src/Illuminate/Routing/ControllerDispatcher.php(67): Illuminate\Routing\ControllerDispatcher->callWithinStack(Object(App\Http\Controllers\ClientController), Object(Illuminate\Routing\Route), Object(Illuminate\Http\Request), 'GetclientDetail')
#11 /var/www/html/stokkup/app/data/api/vendor/laravel/framework/src/Illuminate/Routing/Route.php(204): Illuminate\Routing\ControllerDispatcher->dispatch(Object(Illuminate\Routing\Route), Object(Illuminate\Http\Request), 'App\Http\Contro...', 'GetclientDetail')
#12 /var/www/html/stokkup/app/data/api/vendor/laravel/framework/src/Illuminate/Routing/Route.php(134): Illuminate\Routing\Route->runWithCustomDispatcher(Object(Illuminate\Http\Request))
#13 /var/www/html/stokkup/app/data/api/vendor/laravel/framework/src/Illuminate/Routing/Router.php(701): Illuminate\Routing\Route->run(Object(Illuminate\Http\Request))
#14 [internal function]: Illuminate\Routing\Router->Illuminate\Routing\{closure}(Object(Illuminate\Http\Request))
#15 /var/www/html/stokkup/app/data/api/vendor/laravel/framework/src/Illuminate/Pipeline/Pipeline.php(141): call_user_func(Object(Closure), Object(Illuminate\Http\Request))
#16 [internal function]: Illuminate\Pipeline\Pipeline->Illuminate\Pipeline\{closure}(Object(Illuminate\Http\Request))
#17 /var/www/html/stokkup/app/data/api/vendor/laravel/framework/src/Illuminate/Pipeline/Pipeline.php(101): call_user_func(Object(Closure), Object(Illuminate\Http\Request))
#18 /var/www/html/stokkup/app/data/api/vendor/laravel/framework/src/Illuminate/Routing/Router.php(703): Illuminate\Pipeline\Pipeline->then(Object(Closure))
#19 /var/www/html/stokkup/app/data/api/vendor/laravel/framework/src/Illuminate/Routing/Router.php(670): Illuminate\Routing\Router->runRouteWithinStack(Object(Illuminate\Routing\Route), Object(Illuminate\Http\Request))
#20 /var/www/html/stokkup/app/data/api/vendor/laravel/framework/src/Illuminate/Routing/Router.php(628): Illuminate\Routing\Router->dispatchToRoute(Object(Illuminate\Http\Request))
#21 /var/www/html/stokkup/app/data/api/vendor/laravel/framework/src/Illuminate/Foundation/Http/Kernel.php(214): Illuminate\Routing\Router->dispatch(Object(Illuminate\Http\Request))
#22 [internal function]: Illuminate\Foundation\Http\Kernel->Illuminate\Foundation\Http\{closure}(Object(Illuminate\Http\Request))
#23 /var/www/html/stokkup/app/data/api/vendor/laravel/framework/src/Illuminate/Pipeline/Pipeline.php(141): call_user_func(Object(Closure), Object(Illuminate\Http\Request))
#24 /var/www/html/stokkup/app/data/api/vendor/laravel/framework/src/Illuminate/View/Middleware/ShareErrorsFromSession.php(55): Illuminate\Pipeline\Pipeline->Illuminate\Pipeline\{closure}(Object(Illuminate\Http\Request))
#25 /var/www/html/stokkup/app/data/api/vendor/laravel/framework/src/Illuminate/Pipeline/Pipeline.php(125): Illuminate\View\Middleware\ShareErrorsFromSession->handle(Object(Illuminate\Http\Request), Object(Closure))
#26 /var/www/html/stokkup/app/data/api/vendor/laravel/framework/src/Illuminate/Session/Middleware/StartSession.php(61): Illuminate\Pipeline\Pipeline->Illuminate\Pipeline\{closure}(Object(Illuminate\Http\Request))
#27 /var/www/html/stokkup/app/data/api/vendor/laravel/framework/src/Illuminate/Pipeline/Pipeline.php(125): Illuminate\Session\Middleware\StartSession->handle(Object(Illuminate\Http\Request), Object(Closure))
#28 /var/www/html/stokkup/app/data/api/vendor/laravel/framework/src/Illuminate/Cookie/Middleware/AddQueuedCookiesToResponse.php(36): Illuminate\Pipeline\Pipeline->Illuminate\Pipeline\{closure}(Object(Illuminate\Http\Request))
#29 /var/www/html/stokkup/app/data/api/vendor/laravel/framework/src/Illuminate/Pipeline/Pipeline.php(125): Illuminate\Cookie\Middleware\AddQueuedCookiesToResponse->handle(Object(Illuminate\Http\Request), Object(Closure))
#30 /var/www/html/stokkup/app/data/api/vendor/laravel/framework/src/Illuminate/Cookie/Middleware/EncryptCookies.php(40): Illuminate\Pipeline\Pipeline->Illuminate\Pipeline\{closure}(Object(Illuminate\Http\Request))
#31 /var/www/html/stokkup/app/data/api/vendor/laravel/framework/src/Illuminate/Pipeline/Pipeline.php(125): Illuminate\Cookie\Middleware\EncryptCookies->handle(Object(Illuminate\Http\Request), Object(Closure))
#32 /var/www/html/stokkup/app/data/api/vendor/laravel/framework/src/Illuminate/Foundation/Http/Middleware/CheckForMaintenanceMode.php(42): Illuminate\Pipeline\Pipeline->Illuminate\Pipeline\{closure}(Object(Illuminate\Http\Request))
#33 /var/www/html/stokkup/app/data/api/vendor/laravel/framework/src/Illuminate/Pipeline/Pipeline.php(125): Illuminate\Foundation\Http\Middleware\CheckForMaintenanceMode->handle(Object(Illuminate\Http\Request), Object(Closure))
#34 [internal function]: Illuminate\Pipeline\Pipeline->Illuminate\Pipeline\{closure}(Object(Illuminate\Http\Request))
#35 /var/www/html/stokkup/app/data/api/vendor/laravel/framework/src/Illuminate/Pipeline/Pipeline.php(101): call_user_func(Object(Closure), Object(Illuminate\Http\Request))
#36 /var/www/html/stokkup/app/data/api/vendor/laravel/framework/src/Illuminate/Foundation/Http/Kernel.php(115): Illuminate\Pipeline\Pipeline->then(Object(Closure))
#37 /var/www/html/stokkup/app/data/api/vendor/laravel/framework/src/Illuminate/Foundation/Http/Kernel.php(84): Illuminate\Foundation\Http\Kernel->sendRequestThroughRouter(Object(Illuminate\Http\Request))
#38 /var/www/html/stokkup/app/data/api/public/index.php(53): Illuminate\Foundation\Http\Kernel->handle(Object(Illuminate\Http\Request))
#39 {main}  
